{"/home/roberta/Área de Trabalho/drivent_entrega/src/app.ts": {"path":"/home/roberta/Área de Trabalho/drivent_entrega/src/app.ts","statementMap":{"0":{"start":{"line":1,"column":0},"end":{"line":1,"column":26}},"1":{"start":{"line":2,"column":0},"end":{"line":2,"column":30}},"2":{"start":{"line":3,"column":0},"end":{"line":3,"column":43}},"3":{"start":{"line":4,"column":0},"end":{"line":4,"column":24}},"4":{"start":{"line":6,"column":0},"end":{"line":6,"column":60}},"5":{"start":{"line":8,"column":0},"end":{"line":8,"column":10}},"6":{"start":{"line":10,"column":0},"end":{"line":10,"column":56}},"7":{"start":{"line":11,"column":0},"end":{"line":11,"column":139}},"8":{"start":{"line":13,"column":12},"end":{"line":13,"column":21}},"9":{"start":{"line":14,"column":0},"end":{"line":25,"column":32}},"10":{"start":{"line":17,"column":33},"end":{"line":17,"column":48}},"11":{"start":{"line":28,"column":2},"end":{"line":28,"column":14}},"12":{"start":{"line":29,"column":2},"end":{"line":29,"column":30}},"13":{"start":{"line":27,"column":0},"end":{"line":27,"column":16}},"14":{"start":{"line":33,"column":2},"end":{"line":33,"column":23}},"15":{"start":{"line":32,"column":0},"end":{"line":32,"column":7}},"16":{"start":{"line":36,"column":0},"end":{"line":36,"column":19}}},"fnMap":{"0":{"name":"(anonymous_1)","decl":{"start":{"line":17,"column":18},"end":{"line":17,"column":19}},"loc":{"start":{"line":17,"column":33},"end":{"line":17,"column":48}}},"1":{"name":"init","decl":{"start":{"line":27,"column":16},"end":{"line":27,"column":20}},"loc":{"start":{"line":27,"column":20},"end":{"line":30,"column":1}}},"2":{"name":"close","decl":{"start":{"line":32,"column":22},"end":{"line":32,"column":27}},"loc":{"start":{"line":32,"column":27},"end":{"line":34,"column":1}}}},"branchMap":{},"s":{"0":1,"1":1,"2":1,"3":1,"4":1,"5":1,"6":1,"7":1,"8":1,"9":1,"10":0,"11":1,"12":1,"13":1,"14":0,"15":1,"16":1},"f":{"0":0,"1":1,"2":0},"b":{}}
,"/home/roberta/Área de Trabalho/drivent_entrega/src/config/database.ts": {"path":"/home/roberta/Área de Trabalho/drivent_entrega/src/config/database.ts","statementMap":{"0":{"start":{"line":1,"column":0},"end":{"line":1,"column":46}},"1":{"start":{"line":5,"column":2},"end":{"line":5,"column":30}},"2":{"start":{"line":4,"column":0},"end":{"line":4,"column":16}},"3":{"start":{"line":9,"column":2},"end":{"line":9,"column":30}},"4":{"start":{"line":8,"column":0},"end":{"line":8,"column":7}}},"fnMap":{"0":{"name":"connectDb","decl":{"start":{"line":4,"column":16},"end":{"line":4,"column":25}},"loc":{"start":{"line":4,"column":25},"end":{"line":6,"column":1}}},"1":{"name":"disconnectDB","decl":{"start":{"line":8,"column":22},"end":{"line":8,"column":34}},"loc":{"start":{"line":8,"column":34},"end":{"line":10,"column":1}}}},"branchMap":{},"s":{"0":1,"1":1,"2":1,"3":0,"4":1},"f":{"0":1,"1":0},"b":{}}
,"/home/roberta/Área de Trabalho/drivent_entrega/src/config/envs.ts": {"path":"/home/roberta/Área de Trabalho/drivent_entrega/src/config/envs.ts","statementMap":{"0":{"start":{"line":1,"column":0},"end":{"line":1,"column":28}},"1":{"start":{"line":2,"column":0},"end":{"line":2,"column":41}},"2":{"start":{"line":6,"column":4},"end":{"line":10,"column":16}},"3":{"start":{"line":12,"column":22},"end":{"line":12,"column":45}},"4":{"start":{"line":13,"column":2},"end":{"line":13,"column":35}},"5":{"start":{"line":4,"column":0},"end":{"line":4,"column":16}}},"fnMap":{"0":{"name":"loadEnv","decl":{"start":{"line":4,"column":16},"end":{"line":4,"column":23}},"loc":{"start":{"line":4,"column":23},"end":{"line":14,"column":1}}}},"branchMap":{"0":{"loc":{"start":{"line":6,"column":4},"end":{"line":10,"column":16}},"type":"cond-expr","locations":[{"start":{"line":7,"column":8},"end":{"line":7,"column":19}},{"start":{"line":8,"column":8},"end":{"line":10,"column":16}}]},"1":{"loc":{"start":{"line":8,"column":8},"end":{"line":10,"column":16}},"type":"cond-expr","locations":[{"start":{"line":9,"column":10},"end":{"line":9,"column":28}},{"start":{"line":10,"column":10},"end":{"line":10,"column":16}}]}},"s":{"0":1,"1":1,"2":2,"3":2,"4":2,"5":1},"f":{"0":2},"b":{"0":[2,0],"1":[0,0]}}
,"/home/roberta/Área de Trabalho/drivent_entrega/src/config/index.ts": {"path":"/home/roberta/Área de Trabalho/drivent_entrega/src/config/index.ts","statementMap":{"0":{"start":{"line":1,"column":0},"end":{"line":1,"column":23}},"1":{"start":{"line":2,"column":0},"end":{"line":2,"column":27}}},"fnMap":{},"branchMap":{},"s":{"0":1,"1":1},"f":{},"b":{}}
,"/home/roberta/Área de Trabalho/drivent_entrega/src/controllers/authentication-controller.ts": {"path":"/home/roberta/Área de Trabalho/drivent_entrega/src/controllers/authentication-controller.ts","statementMap":{"0":{"start":{"line":1,"column":0},"end":{"line":1,"column":88}},"1":{"start":{"line":3,"column":0},"end":{"line":3,"column":37}},"2":{"start":{"line":5,"column":30},"end":{"line":5,"column":54}},"3":{"start":{"line":7,"column":2},"end":{"line":13,"column":null}},"4":{"start":{"line":8,"column":19},"end":{"line":8,"column":74}},"5":{"start":{"line":10,"column":4},"end":{"line":10,"column":50}},"6":{"start":{"line":12,"column":4},"end":{"line":12,"column":56}},"7":{"start":{"line":4,"column":0},"end":{"line":4,"column":7}}},"fnMap":{"0":{"name":"singInPost","decl":{"start":{"line":4,"column":22},"end":{"line":4,"column":32}},"loc":{"start":{"line":4,"column":60},"end":{"line":14,"column":1}}}},"branchMap":{},"s":{"0":1,"1":1,"2":0,"3":0,"4":0,"5":0,"6":0,"7":1},"f":{"0":0},"b":{}}
,"/home/roberta/Área de Trabalho/drivent_entrega/src/controllers/booking-controller.ts": {"path":"/home/roberta/Área de Trabalho/drivent_entrega/src/controllers/booking-controller.ts","statementMap":{"0":{"start":{"line":3,"column":0},"end":{"line":3,"column":37}},"1":{"start":{"line":4,"column":0},"end":{"line":4,"column":56}},"2":{"start":{"line":10,"column":23},"end":{"line":10,"column":26}},"3":{"start":{"line":12,"column":4},"end":{"line":19,"column":null}},"4":{"start":{"line":13,"column":29},"end":{"line":13,"column":71}},"5":{"start":{"line":15,"column":8},"end":{"line":15,"column":60}},"6":{"start":{"line":18,"column":8},"end":{"line":18,"column":52}},"7":{"start":{"line":8,"column":0},"end":{"line":8,"column":7}},"8":{"start":{"line":24,"column":23},"end":{"line":24,"column":26}},"9":{"start":{"line":26,"column":23},"end":{"line":26,"column":31}},"10":{"start":{"line":28,"column":4},"end":{"line":36,"column":null}},"11":{"start":{"line":30,"column":8},"end":{"line":30,"column":null}},"12":{"start":{"line":32,"column":8},"end":{"line":32,"column":null}},"13":{"start":{"line":35,"column":8},"end":{"line":35,"column":52}},"14":{"start":{"line":22,"column":0},"end":{"line":22,"column":7}},"15":{"start":{"line":41,"column":23},"end":{"line":41,"column":26}},"16":{"start":{"line":43,"column":21},"end":{"line":43,"column":29}},"17":{"start":{"line":45,"column":23},"end":{"line":45,"column":51}},"18":{"start":{"line":48,"column":4},"end":{"line":56,"column":null}},"19":{"start":{"line":50,"column":23},"end":{"line":50,"column":80}},"20":{"start":{"line":52,"column":8},"end":{"line":52,"column":null}},"21":{"start":{"line":55,"column":8},"end":{"line":55,"column":52}},"22":{"start":{"line":39,"column":0},"end":{"line":39,"column":7}}},"fnMap":{"0":{"name":"getReseves","decl":{"start":{"line":8,"column":22},"end":{"line":8,"column":32}},"loc":{"start":{"line":8,"column":73},"end":{"line":20,"column":1}}},"1":{"name":"bookRoom","decl":{"start":{"line":22,"column":22},"end":{"line":22,"column":30}},"loc":{"start":{"line":22,"column":72},"end":{"line":37,"column":1}}},"2":{"name":"switchRoom","decl":{"start":{"line":39,"column":22},"end":{"line":39,"column":32}},"loc":{"start":{"line":39,"column":73},"end":{"line":59,"column":1}}}},"branchMap":{},"s":{"0":1,"1":1,"2":2,"3":2,"4":2,"5":1,"6":1,"7":1,"8":6,"9":6,"10":6,"11":6,"12":1,"13":5,"14":1,"15":5,"16":5,"17":5,"18":5,"19":5,"20":1,"21":4,"22":1},"f":{"0":2,"1":6,"2":5},"b":{}}
,"/home/roberta/Área de Trabalho/drivent_entrega/src/controllers/enrollments-controller.ts": {"path":"/home/roberta/Área de Trabalho/drivent_entrega/src/controllers/enrollments-controller.ts","statementMap":{"0":{"start":{"line":2,"column":0},"end":{"line":2,"column":64}},"1":{"start":{"line":4,"column":0},"end":{"line":4,"column":37}},"2":{"start":{"line":7,"column":21},"end":{"line":7,"column":24}},"3":{"start":{"line":8,"column":2},"end":{"line":8,"column":null}},"4":{"start":{"line":9,"column":2},"end":{"line":15,"column":null}},"5":{"start":{"line":10,"column":34},"end":{"line":10,"column":92}},"6":{"start":{"line":12,"column":4},"end":{"line":12,"column":65}},"7":{"start":{"line":14,"column":4},"end":{"line":14,"column":49}},"8":{"start":{"line":6,"column":0},"end":{"line":6,"column":7}},"9":{"start":{"line":19,"column":2},"end":{"line":19,"column":null}},"10":{"start":{"line":20,"column":2},"end":{"line":20,"column":null}},"11":{"start":{"line":21,"column":2},"end":{"line":31,"column":null}},"12":{"start":{"line":22,"column":4},"end":{"line":25,"column":7}},"13":{"start":{"line":27,"column":4},"end":{"line":27,"column":41}},"14":{"start":{"line":29,"column":4},"end":{"line":29,"column":null}},"15":{"start":{"line":30,"column":4},"end":{"line":30,"column":50}},"16":{"start":{"line":18,"column":0},"end":{"line":18,"column":7}},"17":{"start":{"line":35,"column":18},"end":{"line":35,"column":53}},"18":{"start":{"line":37,"column":2},"end":{"line":44,"column":null}},"19":{"start":{"line":38,"column":20},"end":{"line":38,"column":67}},"20":{"start":{"line":39,"column":4},"end":{"line":39,"column":51}},"21":{"start":{"line":41,"column":4},"end":{"line":43,"column":null}},"22":{"start":{"line":42,"column":6},"end":{"line":42,"column":45}},"23":{"start":{"line":34,"column":0},"end":{"line":34,"column":7}}},"fnMap":{"0":{"name":"getEnrollmentByUser","decl":{"start":{"line":6,"column":22},"end":{"line":6,"column":41}},"loc":{"start":{"line":6,"column":82},"end":{"line":16,"column":1}}},"1":{"name":"postCreateOrUpdateEnrollment","decl":{"start":{"line":18,"column":22},"end":{"line":18,"column":50}},"loc":{"start":{"line":18,"column":91},"end":{"line":32,"column":1}}},"2":{"name":"getAddressFromCEP","decl":{"start":{"line":34,"column":22},"end":{"line":34,"column":39}},"loc":{"start":{"line":34,"column":80},"end":{"line":45,"column":1}}}},"branchMap":{"0":{"loc":{"start":{"line":41,"column":4},"end":{"line":43,"column":null}},"type":"if","locations":[{"start":{"line":41,"column":4},"end":{"line":43,"column":null}}]}},"s":{"0":1,"1":1,"2":0,"3":0,"4":0,"5":0,"6":0,"7":0,"8":1,"9":0,"10":0,"11":0,"12":0,"13":0,"14":0,"15":0,"16":1,"17":0,"18":0,"19":0,"20":0,"21":0,"22":0,"23":1},"f":{"0":0,"1":0,"2":0},"b":{"0":[0]}}
,"/home/roberta/Área de Trabalho/drivent_entrega/src/controllers/events-controller.ts": {"path":"/home/roberta/Área de Trabalho/drivent_entrega/src/controllers/events-controller.ts","statementMap":{"0":{"start":{"line":1,"column":0},"end":{"line":1,"column":54}},"1":{"start":{"line":3,"column":0},"end":{"line":3,"column":37}},"2":{"start":{"line":6,"column":2},"end":{"line":11,"column":null}},"3":{"start":{"line":7,"column":18},"end":{"line":7,"column":53}},"4":{"start":{"line":8,"column":4},"end":{"line":8,"column":49}},"5":{"start":{"line":10,"column":4},"end":{"line":10,"column":53}},"6":{"start":{"line":5,"column":0},"end":{"line":5,"column":7}}},"fnMap":{"0":{"name":"getDefaultEvent","decl":{"start":{"line":5,"column":22},"end":{"line":5,"column":37}},"loc":{"start":{"line":5,"column":66},"end":{"line":12,"column":1}}}},"branchMap":{},"s":{"0":1,"1":1,"2":0,"3":0,"4":0,"5":0,"6":1},"f":{"0":0},"b":{}}
,"/home/roberta/Área de Trabalho/drivent_entrega/src/controllers/hotels-controller.ts": {"path":"/home/roberta/Área de Trabalho/drivent_entrega/src/controllers/hotels-controller.ts","statementMap":{"0":{"start":{"line":3,"column":0},"end":{"line":3,"column":54}},"1":{"start":{"line":4,"column":0},"end":{"line":4,"column":37}},"2":{"start":{"line":8,"column":23},"end":{"line":8,"column":26}},"3":{"start":{"line":10,"column":4},"end":{"line":17,"column":null}},"4":{"start":{"line":11,"column":27},"end":{"line":11,"column":73}},"5":{"start":{"line":13,"column":8},"end":{"line":13,"column":58}},"6":{"start":{"line":16,"column":8},"end":{"line":16,"column":55}},"7":{"start":{"line":6,"column":0},"end":{"line":6,"column":7}},"8":{"start":{"line":22,"column":20},"end":{"line":22,"column":46}},"9":{"start":{"line":23,"column":4},"end":{"line":25,"column":null}},"10":{"start":{"line":24,"column":8},"end":{"line":24,"column":55}},"11":{"start":{"line":27,"column":4},"end":{"line":34,"column":null}},"12":{"start":{"line":28,"column":26},"end":{"line":28,"column":73}},"13":{"start":{"line":30,"column":8},"end":{"line":30,"column":57}},"14":{"start":{"line":33,"column":8},"end":{"line":33,"column":55}},"15":{"start":{"line":20,"column":0},"end":{"line":20,"column":7}},"16":{"start":{"line":37,"column":24},"end":{"line":40,"column":null}},"17":{"start":{"line":42,"column":0},"end":{"line":42,"column":null}}},"fnMap":{"0":{"name":"getHotels","decl":{"start":{"line":6,"column":22},"end":{"line":6,"column":31}},"loc":{"start":{"line":6,"column":72},"end":{"line":18,"column":1}}},"1":{"name":"getRooms","decl":{"start":{"line":20,"column":22},"end":{"line":20,"column":30}},"loc":{"start":{"line":20,"column":71},"end":{"line":35,"column":1}}}},"branchMap":{"0":{"loc":{"start":{"line":23,"column":4},"end":{"line":25,"column":null}},"type":"if","locations":[{"start":{"line":23,"column":4},"end":{"line":25,"column":null}}]}},"s":{"0":1,"1":1,"2":0,"3":0,"4":0,"5":0,"6":0,"7":1,"8":0,"9":0,"10":0,"11":0,"12":0,"13":0,"14":0,"15":1,"16":1,"17":1},"f":{"0":0,"1":0},"b":{"0":[0]}}
,"/home/roberta/Área de Trabalho/drivent_entrega/src/controllers/index.ts": {"path":"/home/roberta/Área de Trabalho/drivent_entrega/src/controllers/index.ts","statementMap":{"0":{"start":{"line":1,"column":0},"end":{"line":1,"column":35}},"1":{"start":{"line":2,"column":0},"end":{"line":2,"column":44}},"2":{"start":{"line":3,"column":0},"end":{"line":3,"column":36}},"3":{"start":{"line":4,"column":0},"end":{"line":4,"column":41}},"4":{"start":{"line":5,"column":0},"end":{"line":5,"column":35}},"5":{"start":{"line":6,"column":0},"end":{"line":6,"column":35}},"6":{"start":{"line":7,"column":0},"end":{"line":7,"column":36}}},"fnMap":{},"branchMap":{},"s":{"0":1,"1":1,"2":1,"3":1,"4":1,"5":1,"6":1},"f":{},"b":{}}
,"/home/roberta/Área de Trabalho/drivent_entrega/src/controllers/ticket-controller.ts": {"path":"/home/roberta/Área de Trabalho/drivent_entrega/src/controllers/ticket-controller.ts","statementMap":{"0":{"start":{"line":4,"column":0},"end":{"line":4,"column":56}},"1":{"start":{"line":5,"column":0},"end":{"line":5,"column":37}},"2":{"start":{"line":10,"column":2},"end":{"line":16,"column":null}},"3":{"start":{"line":11,"column":21},"end":{"line":11,"column":57}},"4":{"start":{"line":13,"column":4},"end":{"line":13,"column":51}},"5":{"start":{"line":15,"column":4},"end":{"line":15,"column":53}},"6":{"start":{"line":8,"column":0},"end":{"line":8,"column":7}},"7":{"start":{"line":21,"column":20},"end":{"line":21,"column":23}},"8":{"start":{"line":23,"column":13},"end":{"line":23,"column":27}},"9":{"start":{"line":26,"column":2},"end":{"line":32,"column":null}},"10":{"start":{"line":27,"column":21},"end":{"line":27,"column":60}},"11":{"start":{"line":29,"column":4},"end":{"line":29,"column":51}},"12":{"start":{"line":31,"column":4},"end":{"line":31,"column":53}},"13":{"start":{"line":19,"column":0},"end":{"line":19,"column":7}},"14":{"start":{"line":37,"column":27},"end":{"line":37,"column":35}},"15":{"start":{"line":38,"column":20},"end":{"line":38,"column":23}},"16":{"start":{"line":39,"column":13},"end":{"line":39,"column":27}},"17":{"start":{"line":41,"column":0},"end":{"line":48,"column":null}},"18":{"start":{"line":43,"column":19},"end":{"line":43,"column":73}},"19":{"start":{"line":45,"column":2},"end":{"line":45,"column":null}},"20":{"start":{"line":47,"column":2},"end":{"line":47,"column":51}},"21":{"start":{"line":35,"column":0},"end":{"line":35,"column":7}},"22":{"start":{"line":51,"column":25},"end":{"line":55,"column":null}},"23":{"start":{"line":57,"column":0},"end":{"line":57,"column":null}}},"fnMap":{"0":{"name":"getTicketTypes","decl":{"start":{"line":8,"column":22},"end":{"line":8,"column":36}},"loc":{"start":{"line":8,"column":77},"end":{"line":17,"column":1}}},"1":{"name":"getYourTicket","decl":{"start":{"line":19,"column":22},"end":{"line":19,"column":35}},"loc":{"start":{"line":19,"column":76},"end":{"line":33,"column":1}}},"2":{"name":"postYourTicket","decl":{"start":{"line":35,"column":22},"end":{"line":35,"column":36}},"loc":{"start":{"line":35,"column":77},"end":{"line":49,"column":1}}}},"branchMap":{},"s":{"0":1,"1":1,"2":0,"3":0,"4":0,"5":0,"6":1,"7":0,"8":0,"9":0,"10":0,"11":0,"12":0,"13":1,"14":0,"15":0,"16":0,"17":0,"18":0,"19":0,"20":0,"21":1,"22":1,"23":1},"f":{"0":0,"1":0,"2":0},"b":{}}
,"/home/roberta/Área de Trabalho/drivent_entrega/src/controllers/users-controller.ts": {"path":"/home/roberta/Área de Trabalho/drivent_entrega/src/controllers/users-controller.ts","statementMap":{"0":{"start":{"line":1,"column":0},"end":{"line":1,"column":51}},"1":{"start":{"line":3,"column":0},"end":{"line":3,"column":37}},"2":{"start":{"line":6,"column":30},"end":{"line":6,"column":38}},"3":{"start":{"line":7,"column":2},"end":{"line":19,"column":null}},"4":{"start":{"line":8,"column":4},"end":{"line":8,"column":null}},"5":{"start":{"line":9,"column":17},"end":{"line":9,"column":66}},"6":{"start":{"line":10,"column":4},"end":{"line":13,"column":7}},"7":{"start":{"line":15,"column":4},"end":{"line":17,"column":null}},"8":{"start":{"line":16,"column":6},"end":{"line":16,"column":57}},"9":{"start":{"line":18,"column":4},"end":{"line":18,"column":58}},"10":{"start":{"line":5,"column":0},"end":{"line":5,"column":7}}},"fnMap":{"0":{"name":"usersPost","decl":{"start":{"line":5,"column":22},"end":{"line":5,"column":31}},"loc":{"start":{"line":5,"column":59},"end":{"line":20,"column":1}}}},"branchMap":{"0":{"loc":{"start":{"line":15,"column":4},"end":{"line":17,"column":null}},"type":"if","locations":[{"start":{"line":15,"column":4},"end":{"line":17,"column":null}}]}},"s":{"0":1,"1":1,"2":0,"3":0,"4":0,"5":0,"6":0,"7":0,"8":0,"9":0,"10":1},"f":{"0":0},"b":{"0":[0]}}
,"/home/roberta/Área de Trabalho/drivent_entrega/src/errors/cannot-enroll-before-start-date-error.ts": {"path":"/home/roberta/Área de Trabalho/drivent_entrega/src/errors/cannot-enroll-before-start-date-error.ts","statementMap":{"0":{"start":{"line":4,"column":2},"end":{"line":7,"column":4}},"1":{"start":{"line":3,"column":0},"end":{"line":3,"column":16}}},"fnMap":{"0":{"name":"cannotEnrollBeforeStartDateError","decl":{"start":{"line":3,"column":16},"end":{"line":3,"column":48}},"loc":{"start":{"line":3,"column":48},"end":{"line":8,"column":1}}}},"branchMap":{},"s":{"0":0,"1":1},"f":{"0":0},"b":{}}
,"/home/roberta/Área de Trabalho/drivent_entrega/src/errors/conflict-error.ts": {"path":"/home/roberta/Área de Trabalho/drivent_entrega/src/errors/conflict-error.ts","statementMap":{"0":{"start":{"line":4,"column":2},"end":{"line":7,"column":4}},"1":{"start":{"line":3,"column":0},"end":{"line":3,"column":16}}},"fnMap":{"0":{"name":"conflictError","decl":{"start":{"line":3,"column":16},"end":{"line":3,"column":29}},"loc":{"start":{"line":3,"column":45},"end":{"line":8,"column":1}}}},"branchMap":{},"s":{"0":0,"1":1},"f":{"0":0},"b":{}}
,"/home/roberta/Área de Trabalho/drivent_entrega/src/errors/forbidden-error.ts": {"path":"/home/roberta/Área de Trabalho/drivent_entrega/src/errors/forbidden-error.ts","statementMap":{"0":{"start":{"line":4,"column":0},"end":{"line":4,"column":null}},"1":{"start":{"line":5,"column":2},"end":{"line":8,"column":4}},"2":{"start":{"line":3,"column":0},"end":{"line":3,"column":16}}},"fnMap":{"0":{"name":"forbidden","decl":{"start":{"line":3,"column":16},"end":{"line":3,"column":25}},"loc":{"start":{"line":3,"column":25},"end":{"line":9,"column":1}}}},"branchMap":{},"s":{"0":9,"1":9,"2":1},"f":{"0":9},"b":{}}
,"/home/roberta/Área de Trabalho/drivent_entrega/src/errors/index.ts": {"path":"/home/roberta/Área de Trabalho/drivent_entrega/src/errors/index.ts","statementMap":{"0":{"start":{"line":1,"column":0},"end":{"line":1,"column":56}},"1":{"start":{"line":2,"column":0},"end":{"line":2,"column":33}},"2":{"start":{"line":3,"column":0},"end":{"line":3,"column":37}},"3":{"start":{"line":4,"column":0},"end":{"line":4,"column":38}},"4":{"start":{"line":5,"column":0},"end":{"line":5,"column":34}},"5":{"start":{"line":6,"column":0},"end":{"line":6,"column":37}},"6":{"start":{"line":7,"column":0},"end":{"line":7,"column":32}},"7":{"start":{"line":8,"column":0},"end":{"line":8,"column":33}}},"fnMap":{},"branchMap":{},"s":{"0":1,"1":1,"2":1,"3":1,"4":1,"5":1,"6":1,"7":1},"f":{},"b":{}}
,"/home/roberta/Área de Trabalho/drivent_entrega/src/errors/invalid-data-error.ts": {"path":"/home/roberta/Área de Trabalho/drivent_entrega/src/errors/invalid-data-error.ts","statementMap":{"0":{"start":{"line":4,"column":2},"end":{"line":8,"column":4}},"1":{"start":{"line":3,"column":0},"end":{"line":3,"column":16}}},"fnMap":{"0":{"name":"invalidDataError","decl":{"start":{"line":3,"column":16},"end":{"line":3,"column":32}},"loc":{"start":{"line":3,"column":50},"end":{"line":9,"column":1}}}},"branchMap":{},"s":{"0":0,"1":1},"f":{"0":0},"b":{}}
,"/home/roberta/Área de Trabalho/drivent_entrega/src/errors/invalid-email-error.ts": {"path":"/home/roberta/Área de Trabalho/drivent_entrega/src/errors/invalid-email-error.ts","statementMap":{"0":{"start":{"line":4,"column":2},"end":{"line":8,"column":4}},"1":{"start":{"line":3,"column":0},"end":{"line":3,"column":16}}},"fnMap":{"0":{"name":"invalidEmailError","decl":{"start":{"line":3,"column":16},"end":{"line":3,"column":33}},"loc":{"start":{"line":3,"column":47},"end":{"line":9,"column":1}}}},"branchMap":{},"s":{"0":0,"1":1},"f":{"0":0},"b":{}}
,"/home/roberta/Área de Trabalho/drivent_entrega/src/errors/not-found-error.ts": {"path":"/home/roberta/Área de Trabalho/drivent_entrega/src/errors/not-found-error.ts","statementMap":{"0":{"start":{"line":4,"column":2},"end":{"line":7,"column":4}},"1":{"start":{"line":3,"column":0},"end":{"line":3,"column":16}}},"fnMap":{"0":{"name":"notFoundError","decl":{"start":{"line":3,"column":16},"end":{"line":3,"column":29}},"loc":{"start":{"line":3,"column":29},"end":{"line":8,"column":1}}}},"branchMap":{},"s":{"0":0,"1":1},"f":{"0":0},"b":{}}
,"/home/roberta/Área de Trabalho/drivent_entrega/src/errors/request-error.ts": {"path":"/home/roberta/Área de Trabalho/drivent_entrega/src/errors/request-error.ts","statementMap":{"0":{"start":{"line":4,"column":2},"end":{"line":10,"column":4}},"1":{"start":{"line":3,"column":0},"end":{"line":3,"column":16}}},"fnMap":{"0":{"name":"requestError","decl":{"start":{"line":3,"column":16},"end":{"line":3,"column":28}},"loc":{"start":{"line":3,"column":63},"end":{"line":11,"column":1}}}},"branchMap":{},"s":{"0":0,"1":1},"f":{"0":0},"b":{}}
,"/home/roberta/Área de Trabalho/drivent_entrega/src/errors/unauthorized-error.ts": {"path":"/home/roberta/Área de Trabalho/drivent_entrega/src/errors/unauthorized-error.ts","statementMap":{"0":{"start":{"line":4,"column":2},"end":{"line":7,"column":4}},"1":{"start":{"line":3,"column":0},"end":{"line":3,"column":16}}},"fnMap":{"0":{"name":"unauthorizedError","decl":{"start":{"line":3,"column":16},"end":{"line":3,"column":33}},"loc":{"start":{"line":3,"column":33},"end":{"line":8,"column":1}}}},"branchMap":{},"s":{"0":9,"1":1},"f":{"0":9},"b":{}}
,"/home/roberta/Área de Trabalho/drivent_entrega/src/middlewares/authentication-middleware.ts": {"path":"/home/roberta/Área de Trabalho/drivent_entrega/src/middlewares/authentication-middleware.ts","statementMap":{"0":{"start":{"line":2,"column":0},"end":{"line":2,"column":37}},"1":{"start":{"line":3,"column":0},"end":{"line":3,"column":36}},"2":{"start":{"line":5,"column":0},"end":{"line":5,"column":45}},"3":{"start":{"line":6,"column":0},"end":{"line":6,"column":34}},"4":{"start":{"line":9,"column":21},"end":{"line":9,"column":48}},"5":{"start":{"line":10,"column":2},"end":{"line":10,"column":60}},"6":{"start":{"line":10,"column":19},"end":{"line":10,"column":60}},"7":{"start":{"line":12,"column":16},"end":{"line":12,"column":40}},"8":{"start":{"line":13,"column":2},"end":{"line":13,"column":55}},"9":{"start":{"line":13,"column":14},"end":{"line":13,"column":55}},"10":{"start":{"line":15,"column":2},"end":{"line":30,"column":null}},"11":{"start":{"line":16,"column":23},"end":{"line":16,"column":78}},"12":{"start":{"line":18,"column":20},"end":{"line":22,"column":6}},"13":{"start":{"line":23,"column":4},"end":{"line":23,"column":59}},"14":{"start":{"line":23,"column":18},"end":{"line":23,"column":59}},"15":{"start":{"line":25,"column":4},"end":{"line":25,"column":24}},"16":{"start":{"line":27,"column":4},"end":{"line":27,"column":18}},"17":{"start":{"line":29,"column":4},"end":{"line":29,"column":45}},"18":{"start":{"line":8,"column":0},"end":{"line":8,"column":7}},"19":{"start":{"line":34,"column":2},"end":{"line":34,"column":64}}},"fnMap":{"0":{"name":"authenticateToken","decl":{"start":{"line":8,"column":22},"end":{"line":8,"column":39}},"loc":{"start":{"line":8,"column":100},"end":{"line":31,"column":1}}},"1":{"name":"generateUnauthorizedResponse","decl":{"start":{"line":33,"column":9},"end":{"line":33,"column":37}},"loc":{"start":{"line":33,"column":51},"end":{"line":35,"column":1}}}},"branchMap":{"0":{"loc":{"start":{"line":10,"column":2},"end":{"line":10,"column":60}},"type":"if","locations":[{"start":{"line":10,"column":2},"end":{"line":10,"column":60}}]},"1":{"loc":{"start":{"line":13,"column":2},"end":{"line":13,"column":55}},"type":"if","locations":[{"start":{"line":13,"column":2},"end":{"line":13,"column":55}}]},"2":{"loc":{"start":{"line":23,"column":4},"end":{"line":23,"column":59}},"type":"if","locations":[{"start":{"line":23,"column":4},"end":{"line":23,"column":59}}]}},"s":{"0":1,"1":1,"2":1,"3":1,"4":22,"5":22,"6":3,"7":19,"8":19,"9":0,"10":19,"11":19,"12":16,"13":16,"14":3,"15":13,"16":13,"17":3,"18":1,"19":9},"f":{"0":22,"1":9},"b":{"0":[3],"1":[0],"2":[3]}}
,"/home/roberta/Área de Trabalho/drivent_entrega/src/middlewares/error-handling-middleware.ts": {"path":"/home/roberta/Área de Trabalho/drivent_entrega/src/middlewares/error-handling-middleware.ts","statementMap":{"0":{"start":{"line":3,"column":0},"end":{"line":3,"column":37}},"1":{"start":{"line":7,"column":2},"end":{"line":11,"column":null}},"2":{"start":{"line":8,"column":4},"end":{"line":10,"column":7}},"3":{"start":{"line":13,"column":2},"end":{"line":18,"column":null}},"4":{"start":{"line":14,"column":4},"end":{"line":17,"column":7}},"5":{"start":{"line":20,"column":2},"end":{"line":25,"column":null}},"6":{"start":{"line":21,"column":4},"end":{"line":24,"column":7}},"7":{"start":{"line":27,"column":2},"end":{"line":32,"column":null}},"8":{"start":{"line":28,"column":4},"end":{"line":31,"column":7}},"9":{"start":{"line":34,"column":2},"end":{"line":39,"column":null}},"10":{"start":{"line":35,"column":4},"end":{"line":38,"column":7}},"11":{"start":{"line":41,"column":2},"end":{"line":47,"column":null}},"12":{"start":{"line":42,"column":4},"end":{"line":42,"column":null}},"13":{"start":{"line":43,"column":4},"end":{"line":46,"column":7}},"14":{"start":{"line":50,"column":2},"end":{"line":50,"column":26}},"15":{"start":{"line":51,"column":2},"end":{"line":55,"column":5}},"16":{"start":{"line":5,"column":0},"end":{"line":5,"column":16}}},"fnMap":{"0":{"name":"handleApplicationErrors","decl":{"start":{"line":5,"column":16},"end":{"line":5,"column":39}},"loc":{"start":{"line":5,"column":99},"end":{"line":56,"column":1}}}},"branchMap":{"0":{"loc":{"start":{"line":7,"column":2},"end":{"line":11,"column":null}},"type":"if","locations":[{"start":{"line":7,"column":2},"end":{"line":11,"column":null}}]},"1":{"loc":{"start":{"line":13,"column":2},"end":{"line":18,"column":null}},"type":"if","locations":[{"start":{"line":13,"column":2},"end":{"line":18,"column":null}}]},"2":{"loc":{"start":{"line":13,"column":6},"end":{"line":13,"column":73}},"type":"binary-expr","locations":[{"start":{"line":13,"column":6},"end":{"line":13,"column":34}},{"start":{"line":13,"column":38},"end":{"line":13,"column":73}}]},"3":{"loc":{"start":{"line":20,"column":2},"end":{"line":25,"column":null}},"type":"if","locations":[{"start":{"line":20,"column":2},"end":{"line":25,"column":null}}]},"4":{"loc":{"start":{"line":27,"column":2},"end":{"line":32,"column":null}},"type":"if","locations":[{"start":{"line":27,"column":2},"end":{"line":32,"column":null}}]},"5":{"loc":{"start":{"line":34,"column":2},"end":{"line":39,"column":null}},"type":"if","locations":[{"start":{"line":34,"column":2},"end":{"line":39,"column":null}}]},"6":{"loc":{"start":{"line":41,"column":2},"end":{"line":47,"column":null}},"type":"if","locations":[{"start":{"line":41,"column":2},"end":{"line":47,"column":null}}]}},"s":{"0":1,"1":0,"2":0,"3":0,"4":0,"5":0,"6":0,"7":0,"8":0,"9":0,"10":0,"11":0,"12":0,"13":0,"14":0,"15":0,"16":1},"f":{"0":0},"b":{"0":[0],"1":[0],"2":[0,0],"3":[0],"4":[0],"5":[0],"6":[0]}}
,"/home/roberta/Área de Trabalho/drivent_entrega/src/middlewares/index.ts": {"path":"/home/roberta/Área de Trabalho/drivent_entrega/src/middlewares/index.ts","statementMap":{"0":{"start":{"line":1,"column":0},"end":{"line":1,"column":44}},"1":{"start":{"line":2,"column":0},"end":{"line":2,"column":40}},"2":{"start":{"line":3,"column":0},"end":{"line":3,"column":44}}},"fnMap":{},"branchMap":{},"s":{"0":1,"1":1,"2":1},"f":{},"b":{}}
,"/home/roberta/Área de Trabalho/drivent_entrega/src/middlewares/validation-middleware.ts": {"path":"/home/roberta/Área de Trabalho/drivent_entrega/src/middlewares/validation-middleware.ts","statementMap":{"0":{"start":{"line":1,"column":0},"end":{"line":1,"column":44}},"1":{"start":{"line":3,"column":0},"end":{"line":3,"column":37}},"2":{"start":{"line":7,"column":2},"end":{"line":7,"column":null}},"3":{"start":{"line":8,"column":2},"end":{"line":8,"column":34}},"4":{"start":{"line":6,"column":0},"end":{"line":6,"column":16}},"5":{"start":{"line":12,"column":2},"end":{"line":12,"column":36}},"6":{"start":{"line":11,"column":0},"end":{"line":11,"column":16}},"7":{"start":{"line":16,"column":2},"end":{"line":26,"column":4}},"8":{"start":{"line":17,"column":22},"end":{"line":19,"column":6}},"9":{"start":{"line":21,"column":4},"end":{"line":25,"column":null}},"10":{"start":{"line":22,"column":6},"end":{"line":22,"column":13}},"11":{"start":{"line":24,"column":6},"end":{"line":24,"column":101}},"12":{"start":{"line":24,"column":88},"end":{"line":24,"column":97}}},"fnMap":{"0":{"name":"validateBody","decl":{"start":{"line":6,"column":16},"end":{"line":6,"column":28}},"loc":{"start":{"line":6,"column":55},"end":{"line":9,"column":1}}},"1":{"name":"validateParams","decl":{"start":{"line":11,"column":16},"end":{"line":11,"column":30}},"loc":{"start":{"line":11,"column":57},"end":{"line":13,"column":1}}},"2":{"name":"validate","decl":{"start":{"line":15,"column":9},"end":{"line":15,"column":17}},"loc":{"start":{"line":15,"column":63},"end":{"line":27,"column":1}}},"3":{"name":"(anonymous_4)","decl":{"start":{"line":16,"column":9},"end":{"line":16,"column":10}},"loc":{"start":{"line":16,"column":61},"end":{"line":26,"column":3}}},"4":{"name":"(anonymous_5)","decl":{"start":{"line":24,"column":81},"end":{"line":24,"column":82}},"loc":{"start":{"line":24,"column":88},"end":{"line":24,"column":97}}}},"branchMap":{"0":{"loc":{"start":{"line":21,"column":4},"end":{"line":25,"column":null}},"type":"if","locations":[{"start":{"line":21,"column":4},"end":{"line":25,"column":null}},{"start":{"line":23,"column":11},"end":{"line":25,"column":null}}]}},"s":{"0":1,"1":1,"2":6,"3":6,"4":1,"5":0,"6":1,"7":6,"8":11,"9":11,"10":11,"11":0,"12":0},"f":{"0":6,"1":0,"2":6,"3":11,"4":0},"b":{"0":[11,0]}}
,"/home/roberta/Área de Trabalho/drivent_entrega/src/repositories/address-repository/index.ts": {"path":"/home/roberta/Área de Trabalho/drivent_entrega/src/repositories/address-repository/index.ts","statementMap":{"0":{"start":{"line":1,"column":0},"end":{"line":1,"column":34}},"1":{"start":{"line":5,"column":2},"end":{"line":14,"column":5}},"2":{"start":{"line":20,"column":26},"end":{"line":22,"column":2}},"3":{"start":{"line":24,"column":0},"end":{"line":24,"column":33}}},"fnMap":{"0":{"name":"upsert","decl":{"start":{"line":4,"column":15},"end":{"line":4,"column":21}},"loc":{"start":{"line":4,"column":116},"end":{"line":15,"column":1}}}},"branchMap":{},"s":{"0":1,"1":0,"2":1,"3":1},"f":{"0":0},"b":{}}
,"/home/roberta/Área de Trabalho/drivent_entrega/src/repositories/booking-repository/index.ts": {"path":"/home/roberta/Área de Trabalho/drivent_entrega/src/repositories/booking-repository/index.ts","statementMap":{"0":{"start":{"line":1,"column":0},"end":{"line":1,"column":34}},"1":{"start":{"line":6,"column":19},"end":{"line":11,"column":6}},"2":{"start":{"line":13,"column":4},"end":{"line":16,"column":null}},"3":{"start":{"line":21,"column":4},"end":{"line":26,"column":null}},"4":{"start":{"line":31,"column":8},"end":{"line":35,"column":null}},"5":{"start":{"line":40,"column":8},"end":{"line":47,"column":null}},"6":{"start":{"line":52,"column":8},"end":{"line":56,"column":null}},"7":{"start":{"line":59,"column":26},"end":{"line":65,"column":null}},"8":{"start":{"line":67,"column":0},"end":{"line":67,"column":null}}},"fnMap":{"0":{"name":"findRoomsBooked","decl":{"start":{"line":4,"column":15},"end":{"line":4,"column":30}},"loc":{"start":{"line":4,"column":45},"end":{"line":17,"column":1}}},"1":{"name":"bookRoom","decl":{"start":{"line":19,"column":15},"end":{"line":19,"column":23}},"loc":{"start":{"line":19,"column":54},"end":{"line":27,"column":1}}},"2":{"name":"findBookingById","decl":{"start":{"line":29,"column":15},"end":{"line":29,"column":30}},"loc":{"start":{"line":29,"column":48},"end":{"line":36,"column":5}}},"3":{"name":"updateBooking","decl":{"start":{"line":38,"column":19},"end":{"line":38,"column":32}},"loc":{"start":{"line":38,"column":59},"end":{"line":48,"column":5}}},"4":{"name":"deleteBooking","decl":{"start":{"line":50,"column":19},"end":{"line":50,"column":32}},"loc":{"start":{"line":50,"column":50},"end":{"line":57,"column":5}}}},"branchMap":{},"s":{"0":1,"1":2,"2":2,"3":2,"4":1,"5":0,"6":1,"7":1,"8":1},"f":{"0":2,"1":2,"2":1,"3":0,"4":1},"b":{}}
,"/home/roberta/Área de Trabalho/drivent_entrega/src/repositories/enrollment-repository/index.ts": {"path":"/home/roberta/Área de Trabalho/drivent_entrega/src/repositories/enrollment-repository/index.ts","statementMap":{"0":{"start":{"line":1,"column":0},"end":{"line":1,"column":34}},"1":{"start":{"line":6,"column":2},"end":{"line":6,"column":null}},"2":{"start":{"line":7,"column":2},"end":{"line":12,"column":5}},"3":{"start":{"line":17,"column":25},"end":{"line":23,"column":4}},"4":{"start":{"line":24,"column":0},"end":{"line":24,"column":null}},"5":{"start":{"line":32,"column":0},"end":{"line":32,"column":null}},"6":{"start":{"line":33,"column":2},"end":{"line":39,"column":5}},"7":{"start":{"line":46,"column":29},"end":{"line":50,"column":2}},"8":{"start":{"line":52,"column":0},"end":{"line":52,"column":36}}},"fnMap":{"0":{"name":"findWithAddressByUserId","decl":{"start":{"line":4,"column":15},"end":{"line":4,"column":38}},"loc":{"start":{"line":4,"column":53},"end":{"line":13,"column":1}}},"1":{"name":"findAllbyUserId","decl":{"start":{"line":15,"column":15},"end":{"line":15,"column":30}},"loc":{"start":{"line":15,"column":45},"end":{"line":25,"column":1}}},"2":{"name":"upsert","decl":{"start":{"line":26,"column":15},"end":{"line":26,"column":21}},"loc":{"start":{"line":29,"column":43},"end":{"line":41,"column":1}}}},"branchMap":{"0":{"loc":{"start":{"line":35,"column":14},"end":{"line":35,"column":25}},"type":"binary-expr","locations":[{"start":{"line":35,"column":14},"end":{"line":35,"column":20}},{"start":{"line":35,"column":24},"end":{"line":35,"column":25}}]}},"s":{"0":1,"1":0,"2":0,"3":11,"4":11,"5":0,"6":0,"7":1,"8":1},"f":{"0":0,"1":11,"2":0},"b":{"0":[0,0]}}
,"/home/roberta/Área de Trabalho/drivent_entrega/src/repositories/event-repository/index.ts": {"path":"/home/roberta/Área de Trabalho/drivent_entrega/src/repositories/event-repository/index.ts","statementMap":{"0":{"start":{"line":1,"column":0},"end":{"line":1,"column":34}},"1":{"start":{"line":4,"column":2},"end":{"line":4,"column":34}},"2":{"start":{"line":7,"column":24},"end":{"line":9,"column":2}},"3":{"start":{"line":11,"column":0},"end":{"line":11,"column":31}}},"fnMap":{"0":{"name":"findFirst","decl":{"start":{"line":3,"column":15},"end":{"line":3,"column":24}},"loc":{"start":{"line":3,"column":24},"end":{"line":5,"column":1}}}},"branchMap":{},"s":{"0":1,"1":0,"2":1,"3":1},"f":{"0":0},"b":{}}
,"/home/roberta/Área de Trabalho/drivent_entrega/src/repositories/hotel-repository/index.ts": {"path":"/home/roberta/Área de Trabalho/drivent_entrega/src/repositories/hotel-repository/index.ts","statementMap":{"0":{"start":{"line":1,"column":0},"end":{"line":1,"column":34}},"1":{"start":{"line":6,"column":23},"end":{"line":6,"column":52}},"2":{"start":{"line":7,"column":4},"end":{"line":7,"column":null}},"3":{"start":{"line":4,"column":0},"end":{"line":4,"column":7}},"4":{"start":{"line":12,"column":22},"end":{"line":17,"column":3}},"5":{"start":{"line":18,"column":4},"end":{"line":18,"column":null}},"6":{"start":{"line":10,"column":0},"end":{"line":10,"column":7}},"7":{"start":{"line":22,"column":24},"end":{"line":25,"column":null}},"8":{"start":{"line":27,"column":0},"end":{"line":27,"column":31}}},"fnMap":{"0":{"name":"getAllHotels","decl":{"start":{"line":4,"column":22},"end":{"line":4,"column":34}},"loc":{"start":{"line":4,"column":34},"end":{"line":8,"column":1}}},"1":{"name":"findAllRooms","decl":{"start":{"line":10,"column":22},"end":{"line":10,"column":34}},"loc":{"start":{"line":10,"column":50},"end":{"line":19,"column":1}}}},"branchMap":{},"s":{"0":1,"1":0,"2":0,"3":1,"4":0,"5":0,"6":1,"7":1,"8":1},"f":{"0":0,"1":0},"b":{}}
,"/home/roberta/Área de Trabalho/drivent_entrega/src/repositories/room-repository/index.ts": {"path":"/home/roberta/Área de Trabalho/drivent_entrega/src/repositories/room-repository/index.ts","statementMap":{"0":{"start":{"line":1,"column":0},"end":{"line":1,"column":34}},"1":{"start":{"line":7,"column":4},"end":{"line":9,"column":null}},"2":{"start":{"line":5,"column":2},"end":{"line":5,"column":9}},"3":{"start":{"line":15,"column":17},"end":{"line":20,"column":4}},"4":{"start":{"line":21,"column":2},"end":{"line":21,"column":8}},"5":{"start":{"line":13,"column":2},"end":{"line":13,"column":9}},"6":{"start":{"line":24,"column":25},"end":{"line":27,"column":null}},"7":{"start":{"line":29,"column":2},"end":{"line":29,"column":null}}},"fnMap":{"0":{"name":"findRoomByRoomId","decl":{"start":{"line":5,"column":24},"end":{"line":5,"column":40}},"loc":{"start":{"line":5,"column":55},"end":{"line":11,"column":3}}},"1":{"name":"updateRoom","decl":{"start":{"line":13,"column":24},"end":{"line":13,"column":34}},"loc":{"start":{"line":13,"column":80},"end":{"line":22,"column":3}}}},"branchMap":{},"s":{"0":1,"1":3,"2":1,"3":3,"4":3,"5":1,"6":1,"7":1},"f":{"0":3,"1":3},"b":{}}
,"/home/roberta/Área de Trabalho/drivent_entrega/src/repositories/session-repository/index.ts": {"path":"/home/roberta/Área de Trabalho/drivent_entrega/src/repositories/session-repository/index.ts","statementMap":{"0":{"start":{"line":1,"column":0},"end":{"line":1,"column":34}},"1":{"start":{"line":5,"column":2},"end":{"line":7,"column":5}},"2":{"start":{"line":10,"column":26},"end":{"line":12,"column":2}},"3":{"start":{"line":14,"column":0},"end":{"line":14,"column":33}}},"fnMap":{"0":{"name":"create","decl":{"start":{"line":4,"column":15},"end":{"line":4,"column":21}},"loc":{"start":{"line":4,"column":62},"end":{"line":8,"column":1}}}},"branchMap":{},"s":{"0":1,"1":0,"2":1,"3":1},"f":{"0":0},"b":{}}
,"/home/roberta/Área de Trabalho/drivent_entrega/src/repositories/ticketsType-repository/index.ts": {"path":"/home/roberta/Área de Trabalho/drivent_entrega/src/repositories/ticketsType-repository/index.ts","statementMap":{"0":{"start":{"line":1,"column":0},"end":{"line":1,"column":34}},"1":{"start":{"line":8,"column":31},"end":{"line":8,"column":65}},"2":{"start":{"line":10,"column":2},"end":{"line":10,"column":null}},"3":{"start":{"line":17,"column":31},"end":{"line":17,"column":124}},"4":{"start":{"line":19,"column":2},"end":{"line":19,"column":null}},"5":{"start":{"line":24,"column":0},"end":{"line":24,"column":null}},"6":{"start":{"line":26,"column":20},"end":{"line":26,"column":49}},"7":{"start":{"line":27,"column":0},"end":{"line":30,"column":22}},"8":{"start":{"line":32,"column":18},"end":{"line":37,"column":null}},"9":{"start":{"line":40,"column":2},"end":{"line":40,"column":null}},"10":{"start":{"line":45,"column":22},"end":{"line":47,"column":5}},"11":{"start":{"line":49,"column":2},"end":{"line":49,"column":null}},"12":{"start":{"line":54,"column":15},"end":{"line":56,"column":5}},"13":{"start":{"line":58,"column":2},"end":{"line":58,"column":null}},"14":{"start":{"line":52,"column":0},"end":{"line":52,"column":7}},"15":{"start":{"line":62,"column":26},"end":{"line":68,"column":2}},"16":{"start":{"line":70,"column":0},"end":{"line":70,"column":null}}},"fnMap":{"0":{"name":"findMany","decl":{"start":{"line":7,"column":16},"end":{"line":7,"column":24}},"loc":{"start":{"line":7,"column":24},"end":{"line":11,"column":1}}},"1":{"name":"findTickets","decl":{"start":{"line":15,"column":15},"end":{"line":15,"column":26}},"loc":{"start":{"line":15,"column":47},"end":{"line":20,"column":1}}},"2":{"name":"postUserTicket","decl":{"start":{"line":22,"column":16},"end":{"line":22,"column":30}},"loc":{"start":{"line":22,"column":93},"end":{"line":42,"column":1}}},"3":{"name":"getTicketType","decl":{"start":{"line":43,"column":16},"end":{"line":43,"column":29}},"loc":{"start":{"line":43,"column":46},"end":{"line":50,"column":1}}},"4":{"name":"findHotelStatus","decl":{"start":{"line":52,"column":22},"end":{"line":52,"column":37}},"loc":{"start":{"line":52,"column":48},"end":{"line":59,"column":1}}}},"branchMap":{},"s":{"0":1,"1":0,"2":0,"3":4,"4":4,"5":0,"6":0,"7":0,"8":0,"9":0,"10":0,"11":0,"12":0,"13":0,"14":1,"15":1,"16":1},"f":{"0":0,"1":4,"2":0,"3":0,"4":0},"b":{}}
,"/home/roberta/Área de Trabalho/drivent_entrega/src/repositories/user-repository/index.ts": {"path":"/home/roberta/Área de Trabalho/drivent_entrega/src/repositories/user-repository/index.ts","statementMap":{"0":{"start":{"line":1,"column":0},"end":{"line":1,"column":34}},"1":{"start":{"line":5,"column":2},"end":{"line":5,"column":null}},"2":{"start":{"line":6,"column":44},"end":{"line":10,"column":4}},"3":{"start":{"line":12,"column":2},"end":{"line":14,"column":null}},"4":{"start":{"line":13,"column":4},"end":{"line":13,"column":27}},"5":{"start":{"line":16,"column":2},"end":{"line":16,"column":40}},"6":{"start":{"line":20,"column":2},"end":{"line":20,"column":null}},"7":{"start":{"line":21,"column":2},"end":{"line":26,"column":5}},"8":{"start":{"line":29,"column":23},"end":{"line":32,"column":2}},"9":{"start":{"line":34,"column":0},"end":{"line":34,"column":30}}},"fnMap":{"0":{"name":"findByEmail","decl":{"start":{"line":4,"column":15},"end":{"line":4,"column":26}},"loc":{"start":{"line":4,"column":68},"end":{"line":17,"column":1}}},"1":{"name":"create","decl":{"start":{"line":19,"column":15},"end":{"line":19,"column":21}},"loc":{"start":{"line":19,"column":59},"end":{"line":27,"column":1}}}},"branchMap":{"0":{"loc":{"start":{"line":12,"column":2},"end":{"line":14,"column":null}},"type":"if","locations":[{"start":{"line":12,"column":2},"end":{"line":14,"column":null}}]}},"s":{"0":1,"1":0,"2":0,"3":0,"4":0,"5":0,"6":0,"7":0,"8":1,"9":1},"f":{"0":0,"1":0},"b":{"0":[0]}}
,"/home/roberta/Área de Trabalho/drivent_entrega/src/routers/authentication-router.ts": {"path":"/home/roberta/Área de Trabalho/drivent_entrega/src/routers/authentication-router.ts","statementMap":{"0":{"start":{"line":1,"column":0},"end":{"line":1,"column":43}},"1":{"start":{"line":2,"column":0},"end":{"line":2,"column":45}},"2":{"start":{"line":3,"column":0},"end":{"line":3,"column":41}},"3":{"start":{"line":4,"column":0},"end":{"line":4,"column":33}},"4":{"start":{"line":6,"column":29},"end":{"line":6,"column":37}},"5":{"start":{"line":10,"column":9},"end":{"line":10,"column":29}},"6":{"start":{"line":8,"column":0},"end":{"line":8,"column":78}}},"fnMap":{},"branchMap":{},"s":{"0":1,"1":1,"2":1,"3":1,"4":1,"5":1,"6":1},"f":{},"b":{}}
,"/home/roberta/Área de Trabalho/drivent_entrega/src/routers/booking-router.ts": {"path":"/home/roberta/Área de Trabalho/drivent_entrega/src/routers/booking-router.ts","statementMap":{"0":{"start":{"line":1,"column":0},"end":{"line":1,"column":33}},"1":{"start":{"line":2,"column":0},"end":{"line":2,"column":64}},"2":{"start":{"line":3,"column":0},"end":{"line":3,"column":83}},"3":{"start":{"line":5,"column":0},"end":{"line":5,"column":46}},"4":{"start":{"line":9,"column":22},"end":{"line":9,"column":30}},"5":{"start":{"line":18,"column":9},"end":{"line":18,"column":22}},"6":{"start":{"line":11,"column":0},"end":{"line":15,"column":null}}},"fnMap":{},"branchMap":{},"s":{"0":1,"1":1,"2":1,"3":1,"4":1,"5":1,"6":1},"f":{},"b":{}}
,"/home/roberta/Área de Trabalho/drivent_entrega/src/routers/enrollments-router.ts": {"path":"/home/roberta/Área de Trabalho/drivent_entrega/src/routers/enrollments-router.ts","statementMap":{"0":{"start":{"line":1,"column":0},"end":{"line":1,"column":33}},"1":{"start":{"line":2,"column":0},"end":{"line":2,"column":64}},"2":{"start":{"line":3,"column":0},"end":{"line":3,"column":101}},"3":{"start":{"line":4,"column":0},"end":{"line":4,"column":51}},"4":{"start":{"line":6,"column":26},"end":{"line":6,"column":34}},"5":{"start":{"line":14,"column":9},"end":{"line":14,"column":26}},"6":{"start":{"line":8,"column":0},"end":{"line":12,"column":81}}},"fnMap":{},"branchMap":{},"s":{"0":1,"1":1,"2":1,"3":1,"4":1,"5":1,"6":1},"f":{},"b":{}}
,"/home/roberta/Área de Trabalho/drivent_entrega/src/routers/events-router.ts": {"path":"/home/roberta/Área de Trabalho/drivent_entrega/src/routers/events-router.ts","statementMap":{"0":{"start":{"line":1,"column":0},"end":{"line":1,"column":33}},"1":{"start":{"line":2,"column":0},"end":{"line":2,"column":48}},"2":{"start":{"line":4,"column":21},"end":{"line":4,"column":29}},"3":{"start":{"line":8,"column":9},"end":{"line":8,"column":21}},"4":{"start":{"line":6,"column":0},"end":{"line":6,"column":39}}},"fnMap":{},"branchMap":{},"s":{"0":1,"1":1,"2":1,"3":1,"4":1},"f":{},"b":{}}
,"/home/roberta/Área de Trabalho/drivent_entrega/src/routers/hotels-router.ts": {"path":"/home/roberta/Área de Trabalho/drivent_entrega/src/routers/hotels-router.ts","statementMap":{"0":{"start":{"line":1,"column":0},"end":{"line":1,"column":33}},"1":{"start":{"line":2,"column":0},"end":{"line":2,"column":64}},"2":{"start":{"line":3,"column":0},"end":{"line":3,"column":49}},"3":{"start":{"line":6,"column":21},"end":{"line":6,"column":29}},"4":{"start":{"line":14,"column":9},"end":{"line":14,"column":21}},"5":{"start":{"line":8,"column":0},"end":{"line":11,"column":null}}},"fnMap":{},"branchMap":{},"s":{"0":1,"1":1,"2":1,"3":1,"4":1,"5":1},"f":{},"b":{}}
,"/home/roberta/Área de Trabalho/drivent_entrega/src/routers/index.ts": {"path":"/home/roberta/Área de Trabalho/drivent_entrega/src/routers/index.ts","statementMap":{"0":{"start":{"line":1,"column":0},"end":{"line":1,"column":31}},"1":{"start":{"line":2,"column":0},"end":{"line":2,"column":40}},"2":{"start":{"line":3,"column":0},"end":{"line":3,"column":32}},"3":{"start":{"line":4,"column":0},"end":{"line":4,"column":37}},"4":{"start":{"line":5,"column":0},"end":{"line":5,"column":31}},"5":{"start":{"line":6,"column":0},"end":{"line":6,"column":31}},"6":{"start":{"line":7,"column":0},"end":{"line":7,"column":32}}},"fnMap":{},"branchMap":{},"s":{"0":1,"1":1,"2":1,"3":1,"4":1,"5":1,"6":1},"f":{},"b":{}}
,"/home/roberta/Área de Trabalho/drivent_entrega/src/routers/ticket-router.ts": {"path":"/home/roberta/Área de Trabalho/drivent_entrega/src/routers/ticket-router.ts","statementMap":{"0":{"start":{"line":1,"column":0},"end":{"line":1,"column":33}},"1":{"start":{"line":2,"column":0},"end":{"line":2,"column":64}},"2":{"start":{"line":3,"column":0},"end":{"line":3,"column":95}},"3":{"start":{"line":4,"column":0},"end":{"line":4,"column":45}},"4":{"start":{"line":6,"column":22},"end":{"line":6,"column":30}},"5":{"start":{"line":14,"column":9},"end":{"line":14,"column":22}},"6":{"start":{"line":8,"column":0},"end":{"line":12,"column":null}}},"fnMap":{},"branchMap":{},"s":{"0":1,"1":1,"2":1,"3":1,"4":1,"5":1,"6":1},"f":{},"b":{}}
,"/home/roberta/Área de Trabalho/drivent_entrega/src/routers/users-router.ts": {"path":"/home/roberta/Área de Trabalho/drivent_entrega/src/routers/users-router.ts","statementMap":{"0":{"start":{"line":1,"column":0},"end":{"line":1,"column":33}},"1":{"start":{"line":3,"column":0},"end":{"line":3,"column":45}},"2":{"start":{"line":4,"column":0},"end":{"line":4,"column":45}},"3":{"start":{"line":5,"column":0},"end":{"line":5,"column":42}},"4":{"start":{"line":7,"column":20},"end":{"line":7,"column":28}},"5":{"start":{"line":11,"column":9},"end":{"line":11,"column":20}},"6":{"start":{"line":9,"column":0},"end":{"line":9,"column":65}}},"fnMap":{},"branchMap":{},"s":{"0":1,"1":1,"2":1,"3":1,"4":1,"5":1,"6":1},"f":{},"b":{}}
,"/home/roberta/Área de Trabalho/drivent_entrega/src/schemas/authentication-schemas.ts": {"path":"/home/roberta/Área de Trabalho/drivent_entrega/src/schemas/authentication-schemas.ts","statementMap":{"0":{"start":{"line":2,"column":0},"end":{"line":2,"column":22}},"1":{"start":{"line":4,"column":13},"end":{"line":7,"column":3}}},"fnMap":{},"branchMap":{},"s":{"0":1,"1":1},"f":{},"b":{}}
,"/home/roberta/Área de Trabalho/drivent_entrega/src/schemas/booking-schemas.ts": {"path":"/home/roberta/Área de Trabalho/drivent_entrega/src/schemas/booking-schemas.ts","statementMap":{"0":{"start":{"line":1,"column":0},"end":{"line":1,"column":22}},"1":{"start":{"line":3,"column":13},"end":{"line":5,"column":3}}},"fnMap":{},"branchMap":{},"s":{"0":1,"1":1},"f":{},"b":{}}
,"/home/roberta/Área de Trabalho/drivent_entrega/src/schemas/enrollments-schemas.ts": {"path":"/home/roberta/Área de Trabalho/drivent_entrega/src/schemas/enrollments-schemas.ts","statementMap":{"0":{"start":{"line":2,"column":0},"end":{"line":2,"column":105}},"1":{"start":{"line":3,"column":0},"end":{"line":3,"column":22}},"2":{"start":{"line":5,"column":28},"end":{"line":5,"column":87}},"3":{"start":{"line":7,"column":28},"end":{"line":7,"column":86}},"4":{"start":{"line":9,"column":36},"end":{"line":9,"column":108}},"5":{"start":{"line":11,"column":13},"end":{"line":28,"column":3}},"6":{"start":{"line":23,"column":39},"end":{"line":23,"column":45}},"7":{"start":{"line":31,"column":2},"end":{"line":31,"column":27}},"8":{"start":{"line":31,"column":14},"end":{"line":31,"column":27}},"9":{"start":{"line":33,"column":2},"end":{"line":35,"column":null}},"10":{"start":{"line":34,"column":4},"end":{"line":34,"column":40}},"11":{"start":{"line":37,"column":2},"end":{"line":37,"column":15}},"12":{"start":{"line":41,"column":2},"end":{"line":41,"column":27}},"13":{"start":{"line":41,"column":14},"end":{"line":41,"column":27}},"14":{"start":{"line":43,"column":2},"end":{"line":45,"column":null}},"15":{"start":{"line":44,"column":4},"end":{"line":44,"column":40}},"16":{"start":{"line":47,"column":2},"end":{"line":47,"column":15}},"17":{"start":{"line":51,"column":2},"end":{"line":51,"column":27}},"18":{"start":{"line":51,"column":14},"end":{"line":51,"column":27}},"19":{"start":{"line":53,"column":2},"end":{"line":55,"column":null}},"20":{"start":{"line":54,"column":4},"end":{"line":54,"column":40}},"21":{"start":{"line":57,"column":2},"end":{"line":57,"column":15}}},"fnMap":{"0":{"name":"(anonymous_1)","decl":{"start":{"line":23,"column":32},"end":{"line":23,"column":33}},"loc":{"start":{"line":23,"column":39},"end":{"line":23,"column":45}}},"1":{"name":"joiCpfValidation","decl":{"start":{"line":30,"column":9},"end":{"line":30,"column":25}},"loc":{"start":{"line":30,"column":75},"end":{"line":38,"column":1}}},"2":{"name":"JoiCepValidation","decl":{"start":{"line":40,"column":9},"end":{"line":40,"column":25}},"loc":{"start":{"line":40,"column":75},"end":{"line":48,"column":1}}},"3":{"name":"joiMobilePhoneValidation","decl":{"start":{"line":50,"column":9},"end":{"line":50,"column":33}},"loc":{"start":{"line":50,"column":83},"end":{"line":58,"column":1}}}},"branchMap":{"0":{"loc":{"start":{"line":31,"column":2},"end":{"line":31,"column":27}},"type":"if","locations":[{"start":{"line":31,"column":2},"end":{"line":31,"column":27}}]},"1":{"loc":{"start":{"line":33,"column":2},"end":{"line":35,"column":null}},"type":"if","locations":[{"start":{"line":33,"column":2},"end":{"line":35,"column":null}}]},"2":{"loc":{"start":{"line":41,"column":2},"end":{"line":41,"column":27}},"type":"if","locations":[{"start":{"line":41,"column":2},"end":{"line":41,"column":27}}]},"3":{"loc":{"start":{"line":43,"column":2},"end":{"line":45,"column":null}},"type":"if","locations":[{"start":{"line":43,"column":2},"end":{"line":45,"column":null}}]},"4":{"loc":{"start":{"line":51,"column":2},"end":{"line":51,"column":27}},"type":"if","locations":[{"start":{"line":51,"column":2},"end":{"line":51,"column":27}}]},"5":{"loc":{"start":{"line":53,"column":2},"end":{"line":55,"column":null}},"type":"if","locations":[{"start":{"line":53,"column":2},"end":{"line":55,"column":null}}]}},"s":{"0":1,"1":1,"2":1,"3":1,"4":1,"5":1,"6":27,"7":0,"8":0,"9":0,"10":0,"11":0,"12":0,"13":0,"14":0,"15":0,"16":0,"17":0,"18":0,"19":0,"20":0,"21":0},"f":{"0":27,"1":0,"2":0,"3":0},"b":{"0":[0],"1":[0],"2":[0],"3":[0],"4":[0],"5":[0]}}
,"/home/roberta/Área de Trabalho/drivent_entrega/src/schemas/index.ts": {"path":"/home/roberta/Área de Trabalho/drivent_entrega/src/schemas/index.ts","statementMap":{"0":{"start":{"line":1,"column":0},"end":{"line":1,"column":32}},"1":{"start":{"line":2,"column":0},"end":{"line":2,"column":41}},"2":{"start":{"line":3,"column":0},"end":{"line":3,"column":38}},"3":{"start":{"line":4,"column":0},"end":{"line":4,"column":32}},"4":{"start":{"line":5,"column":0},"end":{"line":5,"column":33}}},"fnMap":{},"branchMap":{},"s":{"0":1,"1":1,"2":1,"3":1,"4":1},"f":{},"b":{}}
,"/home/roberta/Área de Trabalho/drivent_entrega/src/schemas/ticket-schemas.ts": {"path":"/home/roberta/Área de Trabalho/drivent_entrega/src/schemas/ticket-schemas.ts","statementMap":{"0":{"start":{"line":1,"column":0},"end":{"line":1,"column":22}},"1":{"start":{"line":3,"column":13},"end":{"line":5,"column":3}}},"fnMap":{},"branchMap":{},"s":{"0":1,"1":1},"f":{},"b":{}}
,"/home/roberta/Área de Trabalho/drivent_entrega/src/schemas/users-schemas.ts": {"path":"/home/roberta/Área de Trabalho/drivent_entrega/src/schemas/users-schemas.ts","statementMap":{"0":{"start":{"line":2,"column":0},"end":{"line":2,"column":22}},"1":{"start":{"line":4,"column":13},"end":{"line":7,"column":3}}},"fnMap":{},"branchMap":{},"s":{"0":1,"1":1},"f":{},"b":{}}
,"/home/roberta/Área de Trabalho/drivent_entrega/src/services/authentication-service/errors.ts": {"path":"/home/roberta/Área de Trabalho/drivent_entrega/src/services/authentication-service/errors.ts","statementMap":{"0":{"start":{"line":4,"column":2},"end":{"line":7,"column":4}},"1":{"start":{"line":3,"column":0},"end":{"line":3,"column":16}}},"fnMap":{"0":{"name":"invalidCredentialsError","decl":{"start":{"line":3,"column":16},"end":{"line":3,"column":39}},"loc":{"start":{"line":3,"column":39},"end":{"line":8,"column":1}}}},"branchMap":{},"s":{"0":0,"1":1},"f":{"0":0},"b":{}}
,"/home/roberta/Área de Trabalho/drivent_entrega/src/services/authentication-service/index.ts": {"path":"/home/roberta/Área de Trabalho/drivent_entrega/src/services/authentication-service/index.ts","statementMap":{"0":{"start":{"line":1,"column":0},"end":{"line":1,"column":66}},"1":{"start":{"line":2,"column":0},"end":{"line":2,"column":60}},"2":{"start":{"line":3,"column":0},"end":{"line":3,"column":47}},"3":{"start":{"line":5,"column":0},"end":{"line":5,"column":28}},"4":{"start":{"line":6,"column":0},"end":{"line":6,"column":31}},"5":{"start":{"line":7,"column":0},"end":{"line":7,"column":51}},"6":{"start":{"line":10,"column":30},"end":{"line":10,"column":36}},"7":{"start":{"line":12,"column":15},"end":{"line":12,"column":41}},"8":{"start":{"line":14,"column":2},"end":{"line":14,"column":56}},"9":{"start":{"line":16,"column":16},"end":{"line":16,"column":44}},"10":{"start":{"line":18,"column":2},"end":{"line":21,"column":4}},"11":{"start":{"line":25,"column":15},"end":{"line":25,"column":97}},"12":{"start":{"line":26,"column":2},"end":{"line":26,"column":45}},"13":{"start":{"line":26,"column":13},"end":{"line":26,"column":45}},"14":{"start":{"line":28,"column":2},"end":{"line":28,"column":14}},"15":{"start":{"line":32,"column":16},"end":{"line":32,"column":60}},"16":{"start":{"line":33,"column":2},"end":{"line":36,"column":5}},"17":{"start":{"line":38,"column":2},"end":{"line":38,"column":15}},"18":{"start":{"line":42,"column":26},"end":{"line":42,"column":70}},"19":{"start":{"line":43,"column":2},"end":{"line":43,"column":56}},"20":{"start":{"line":43,"column":24},"end":{"line":43,"column":56}},"21":{"start":{"line":55,"column":30},"end":{"line":57,"column":2}},"22":{"start":{"line":59,"column":0},"end":{"line":59,"column":37}},"23":{"start":{"line":60,"column":0},"end":{"line":60,"column":25}}},"fnMap":{"0":{"name":"signIn","decl":{"start":{"line":9,"column":15},"end":{"line":9,"column":21}},"loc":{"start":{"line":9,"column":42},"end":{"line":22,"column":1}}},"1":{"name":"getUserOrFail","decl":{"start":{"line":24,"column":15},"end":{"line":24,"column":28}},"loc":{"start":{"line":24,"column":42},"end":{"line":29,"column":1}}},"2":{"name":"createSession","decl":{"start":{"line":31,"column":15},"end":{"line":31,"column":28}},"loc":{"start":{"line":31,"column":43},"end":{"line":39,"column":1}}},"3":{"name":"validatePasswordOrFail","decl":{"start":{"line":41,"column":15},"end":{"line":41,"column":37}},"loc":{"start":{"line":41,"column":76},"end":{"line":44,"column":1}}}},"branchMap":{"0":{"loc":{"start":{"line":26,"column":2},"end":{"line":26,"column":45}},"type":"if","locations":[{"start":{"line":26,"column":2},"end":{"line":26,"column":45}}]},"1":{"loc":{"start":{"line":43,"column":2},"end":{"line":43,"column":56}},"type":"if","locations":[{"start":{"line":43,"column":2},"end":{"line":43,"column":56}}]}},"s":{"0":1,"1":1,"2":1,"3":1,"4":1,"5":1,"6":0,"7":0,"8":0,"9":0,"10":0,"11":0,"12":0,"13":0,"14":0,"15":0,"16":0,"17":0,"18":0,"19":0,"20":0,"21":1,"22":1,"23":1},"f":{"0":0,"1":0,"2":0,"3":0},"b":{"0":[0],"1":[0]}}
,"/home/roberta/Área de Trabalho/drivent_entrega/src/services/booking-service/index.ts": {"path":"/home/roberta/Área de Trabalho/drivent_entrega/src/services/booking-service/index.ts","statementMap":{"0":{"start":{"line":1,"column":0},"end":{"line":1,"column":52}},"1":{"start":{"line":2,"column":0},"end":{"line":2,"column":66}},"2":{"start":{"line":3,"column":0},"end":{"line":3,"column":72}},"3":{"start":{"line":6,"column":0},"end":{"line":6,"column":70}},"4":{"start":{"line":7,"column":0},"end":{"line":7,"column":60}},"5":{"start":{"line":16,"column":24},"end":{"line":16,"column":71}},"6":{"start":{"line":18,"column":4},"end":{"line":18,"column":null}},"7":{"start":{"line":22,"column":4},"end":{"line":22,"column":null}},"8":{"start":{"line":24,"column":17},"end":{"line":24,"column":62}},"9":{"start":{"line":26,"column":4},"end":{"line":28,"column":null}},"10":{"start":{"line":27,"column":8},"end":{"line":27,"column":26}},"11":{"start":{"line":30,"column":4},"end":{"line":32,"column":null}},"12":{"start":{"line":31,"column":8},"end":{"line":31,"column":26}},"13":{"start":{"line":33,"column":24},"end":{"line":33,"column":25}},"14":{"start":{"line":34,"column":4},"end":{"line":34,"column":null}},"15":{"start":{"line":36,"column":4},"end":{"line":36,"column":null}},"16":{"start":{"line":38,"column":4},"end":{"line":38,"column":10}},"17":{"start":{"line":43,"column":29},"end":{"line":43,"column":79}},"18":{"start":{"line":44,"column":28},"end":{"line":44,"column":30}},"19":{"start":{"line":46,"column":4},"end":{"line":55,"column":null}},"20":{"start":{"line":46,"column":21},"end":{"line":46,"column":22}},"21":{"start":{"line":47,"column":29},"end":{"line":47,"column":55}},"22":{"start":{"line":48,"column":33},"end":{"line":48,"column":82}},"23":{"start":{"line":49,"column":29},"end":{"line":49,"column":52}},"24":{"start":{"line":50,"column":8},"end":{"line":54,"column":null}},"25":{"start":{"line":51,"column":12},"end":{"line":53,"column":null}},"26":{"start":{"line":52,"column":16},"end":{"line":52,"column":null}},"27":{"start":{"line":57,"column":4},"end":{"line":60,"column":null}},"28":{"start":{"line":59,"column":8},"end":{"line":59,"column":26}},"29":{"start":{"line":61,"column":4},"end":{"line":61,"column":10}},"30":{"start":{"line":67,"column":4},"end":{"line":67,"column":null}},"31":{"start":{"line":69,"column":24},"end":{"line":69,"column":74}},"32":{"start":{"line":71,"column":4},"end":{"line":73,"column":null}},"33":{"start":{"line":72,"column":8},"end":{"line":72,"column":30}},"34":{"start":{"line":75,"column":17},"end":{"line":75,"column":62}},"35":{"start":{"line":78,"column":4},"end":{"line":80,"column":null}},"36":{"start":{"line":79,"column":8},"end":{"line":79,"column":26}},"37":{"start":{"line":81,"column":4},"end":{"line":83,"column":null}},"38":{"start":{"line":82,"column":8},"end":{"line":82,"column":26}},"39":{"start":{"line":84,"column":16},"end":{"line":84,"column":18}},"40":{"start":{"line":86,"column":24},"end":{"line":86,"column":83}},"41":{"start":{"line":88,"column":23},"end":{"line":88,"column":71}},"42":{"start":{"line":90,"column":25},"end":{"line":90,"column":82}},"43":{"start":{"line":92,"column":4},"end":{"line":92,"column":null}},"44":{"start":{"line":94,"column":16},"end":{"line":94,"column":17}},"45":{"start":{"line":96,"column":4},"end":{"line":96,"column":null}},"46":{"start":{"line":98,"column":4},"end":{"line":98,"column":null}},"47":{"start":{"line":101,"column":23},"end":{"line":105,"column":null}},"48":{"start":{"line":107,"column":0},"end":{"line":107,"column":null}}},"fnMap":{"0":{"name":"getUserReseve","decl":{"start":{"line":14,"column":15},"end":{"line":14,"column":28}},"loc":{"start":{"line":14,"column":43},"end":{"line":19,"column":1}}},"1":{"name":"bookARoom","decl":{"start":{"line":20,"column":15},"end":{"line":20,"column":24}},"loc":{"start":{"line":20,"column":55},"end":{"line":39,"column":1}}},"2":{"name":"getTicketsPaidAndHotelsAvailbles","decl":{"start":{"line":41,"column":15},"end":{"line":41,"column":47}},"loc":{"start":{"line":41,"column":62},"end":{"line":62,"column":1}}},"3":{"name":"updateRoom","decl":{"start":{"line":65,"column":15},"end":{"line":65,"column":25}},"loc":{"start":{"line":65,"column":75},"end":{"line":99,"column":1}}}},"branchMap":{"0":{"loc":{"start":{"line":26,"column":4},"end":{"line":28,"column":null}},"type":"if","locations":[{"start":{"line":26,"column":4},"end":{"line":28,"column":null}}]},"1":{"loc":{"start":{"line":30,"column":4},"end":{"line":32,"column":null}},"type":"if","locations":[{"start":{"line":30,"column":4},"end":{"line":32,"column":null}}]},"2":{"loc":{"start":{"line":50,"column":8},"end":{"line":54,"column":null}},"type":"if","locations":[{"start":{"line":50,"column":8},"end":{"line":54,"column":null}}]},"3":{"loc":{"start":{"line":51,"column":12},"end":{"line":53,"column":null}},"type":"if","locations":[{"start":{"line":51,"column":12},"end":{"line":53,"column":null}}]},"4":{"loc":{"start":{"line":57,"column":4},"end":{"line":60,"column":null}},"type":"if","locations":[{"start":{"line":57,"column":4},"end":{"line":60,"column":null}}]},"5":{"loc":{"start":{"line":71,"column":4},"end":{"line":73,"column":null}},"type":"if","locations":[{"start":{"line":71,"column":4},"end":{"line":73,"column":null}}]},"6":{"loc":{"start":{"line":78,"column":4},"end":{"line":80,"column":null}},"type":"if","locations":[{"start":{"line":78,"column":4},"end":{"line":80,"column":null}}]},"7":{"loc":{"start":{"line":81,"column":4},"end":{"line":83,"column":null}},"type":"if","locations":[{"start":{"line":81,"column":4},"end":{"line":83,"column":null}}]}},"s":{"0":1,"1":1,"2":1,"3":1,"4":1,"5":2,"6":1,"7":6,"8":1,"9":1,"10":0,"11":1,"12":0,"13":1,"14":1,"15":1,"16":1,"17":11,"18":11,"19":11,"20":11,"21":4,"22":4,"23":4,"24":4,"25":2,"26":2,"27":11,"28":9,"29":2,"30":5,"31":1,"32":1,"33":0,"34":1,"35":1,"36":0,"37":1,"38":0,"39":1,"40":1,"41":1,"42":1,"43":1,"44":1,"45":1,"46":1,"47":1,"48":1},"f":{"0":2,"1":6,"2":11,"3":5},"b":{"0":[0],"1":[0],"2":[2],"3":[2],"4":[9],"5":[0],"6":[0],"7":[0]}}
,"/home/roberta/Área de Trabalho/drivent_entrega/src/services/enrollments-service/index.ts": {"path":"/home/roberta/Área de Trabalho/drivent_entrega/src/services/enrollments-service/index.ts","statementMap":{"0":{"start":{"line":3,"column":0},"end":{"line":3,"column":49}},"1":{"start":{"line":4,"column":0},"end":{"line":4,"column":41}},"2":{"start":{"line":5,"column":0},"end":{"line":5,"column":91}},"3":{"start":{"line":6,"column":0},"end":{"line":6,"column":100}},"4":{"start":{"line":7,"column":0},"end":{"line":7,"column":47}},"5":{"start":{"line":12,"column":17},"end":{"line":12,"column":38}},"6":{"start":{"line":14,"column":2},"end":{"line":16,"column":null}},"7":{"start":{"line":15,"column":4},"end":{"line":15,"column":26}},"8":{"start":{"line":24,"column":6},"end":{"line":24,"column":12}},"9":{"start":{"line":26,"column":18},"end":{"line":32,"column":4}},"10":{"start":{"line":33,"column":2},"end":{"line":33,"column":17}},"11":{"start":{"line":37,"column":32},"end":{"line":37,"column":90}},"12":{"start":{"line":39,"column":2},"end":{"line":39,"column":52}},"13":{"start":{"line":39,"column":30},"end":{"line":39,"column":52}},"14":{"start":{"line":41,"column":25},"end":{"line":41,"column":54}},"15":{"start":{"line":42,"column":18},"end":{"line":42,"column":47}},"16":{"start":{"line":44,"column":2},"end":{"line":47,"column":4}},"17":{"start":{"line":53,"column":2},"end":{"line":53,"column":33}},"18":{"start":{"line":53,"column":21},"end":{"line":53,"column":33}},"19":{"start":{"line":55,"column":2},"end":{"line":55,"column":73}},"20":{"start":{"line":61,"column":21},"end":{"line":61,"column":47}},"21":{"start":{"line":63,"column":18},"end":{"line":63,"column":53}},"22":{"start":{"line":64,"column":0},"end":{"line":64,"column":null}},"23":{"start":{"line":67,"column":17},"end":{"line":67,"column":53}},"24":{"start":{"line":68,"column":2},"end":{"line":68,"column":null}},"25":{"start":{"line":69,"column":2},"end":{"line":71,"column":null}},"26":{"start":{"line":70,"column":4},"end":{"line":70,"column":26}},"27":{"start":{"line":74,"column":24},"end":{"line":74,"column":115}},"28":{"start":{"line":76,"column":2},"end":{"line":76,"column":69}},"29":{"start":{"line":80,"column":2},"end":{"line":83,"column":4}},"30":{"start":{"line":90,"column":27},"end":{"line":94,"column":2}},"31":{"start":{"line":96,"column":0},"end":{"line":96,"column":34}}},"fnMap":{"0":{"name":"getAddressFromCEP","decl":{"start":{"line":10,"column":15},"end":{"line":10,"column":32}},"loc":{"start":{"line":10,"column":44},"end":{"line":34,"column":1}}},"1":{"name":"getOneWithAddressByUserId","decl":{"start":{"line":36,"column":15},"end":{"line":36,"column":40}},"loc":{"start":{"line":36,"column":55},"end":{"line":48,"column":1}}},"2":{"name":"getFirstAddress","decl":{"start":{"line":52,"column":9},"end":{"line":52,"column":24}},"loc":{"start":{"line":52,"column":46},"end":{"line":56,"column":1}}},"3":{"name":"createOrUpdateEnrollmentWithAddress","decl":{"start":{"line":60,"column":15},"end":{"line":60,"column":50}},"loc":{"start":{"line":60,"column":94},"end":{"line":77,"column":1}}},"4":{"name":"getAddressForUpsert","decl":{"start":{"line":79,"column":9},"end":{"line":79,"column":28}},"loc":{"start":{"line":79,"column":57},"end":{"line":84,"column":1}}}},"branchMap":{"0":{"loc":{"start":{"line":14,"column":2},"end":{"line":16,"column":null}},"type":"if","locations":[{"start":{"line":14,"column":2},"end":{"line":16,"column":null}}]},"1":{"loc":{"start":{"line":39,"column":2},"end":{"line":39,"column":52}},"type":"if","locations":[{"start":{"line":39,"column":2},"end":{"line":39,"column":52}}]},"2":{"loc":{"start":{"line":46,"column":8},"end":{"line":46,"column":32}},"type":"binary-expr","locations":[{"start":{"line":46,"column":8},"end":{"line":46,"column":17}},{"start":{"line":46,"column":21},"end":{"line":46,"column":32}}]},"3":{"loc":{"start":{"line":53,"column":2},"end":{"line":53,"column":33}},"type":"if","locations":[{"start":{"line":53,"column":2},"end":{"line":53,"column":33}}]},"4":{"loc":{"start":{"line":69,"column":2},"end":{"line":71,"column":null}},"type":"if","locations":[{"start":{"line":69,"column":2},"end":{"line":71,"column":null}}]},"5":{"loc":{"start":{"line":82,"column":8},"end":{"line":82,"column":74}},"type":"binary-expr","locations":[{"start":{"line":82,"column":8},"end":{"line":82,"column":30}},{"start":{"line":82,"column":34},"end":{"line":82,"column":74}}]}},"s":{"0":1,"1":1,"2":1,"3":1,"4":1,"5":0,"6":0,"7":0,"8":0,"9":0,"10":0,"11":0,"12":0,"13":0,"14":0,"15":0,"16":0,"17":0,"18":0,"19":0,"20":0,"21":0,"22":0,"23":0,"24":0,"25":0,"26":0,"27":0,"28":0,"29":0,"30":1,"31":1},"f":{"0":0,"1":0,"2":0,"3":0,"4":0},"b":{"0":[0],"1":[0],"2":[0,0],"3":[0],"4":[0],"5":[0,0]}}
,"/home/roberta/Área de Trabalho/drivent_entrega/src/services/events-service/index.ts": {"path":"/home/roberta/Área de Trabalho/drivent_entrega/src/services/events-service/index.ts","statementMap":{"0":{"start":{"line":1,"column":0},"end":{"line":1,"column":41}},"1":{"start":{"line":2,"column":0},"end":{"line":2,"column":62}},"2":{"start":{"line":3,"column":0},"end":{"line":3,"column":47}},"3":{"start":{"line":5,"column":0},"end":{"line":5,"column":26}},"4":{"start":{"line":8,"column":16},"end":{"line":8,"column":49}},"5":{"start":{"line":9,"column":2},"end":{"line":9,"column":36}},"6":{"start":{"line":9,"column":14},"end":{"line":9,"column":36}},"7":{"start":{"line":11,"column":2},"end":{"line":11,"column":50}},"8":{"start":{"line":17,"column":2},"end":{"line":17,"column":null}},"9":{"start":{"line":18,"column":16},"end":{"line":18,"column":49}},"10":{"start":{"line":19,"column":2},"end":{"line":22,"column":null}},"11":{"start":{"line":20,"column":4},"end":{"line":20,"column":null}},"12":{"start":{"line":21,"column":4},"end":{"line":21,"column":17}},"13":{"start":{"line":24,"column":14},"end":{"line":24,"column":21}},"14":{"start":{"line":25,"column":2},"end":{"line":25,"column":null}},"15":{"start":{"line":26,"column":24},"end":{"line":26,"column":45}},"16":{"start":{"line":27,"column":22},"end":{"line":27,"column":41}},"17":{"start":{"line":28,"column":0},"end":{"line":28,"column":null}},"18":{"start":{"line":29,"column":2},"end":{"line":29,"column":65}},"19":{"start":{"line":32,"column":22},"end":{"line":35,"column":2}},"20":{"start":{"line":37,"column":0},"end":{"line":37,"column":29}}},"fnMap":{"0":{"name":"getFirstEvent","decl":{"start":{"line":7,"column":15},"end":{"line":7,"column":28}},"loc":{"start":{"line":7,"column":28},"end":{"line":12,"column":1}}},"1":{"name":"isCurrentEventActive","decl":{"start":{"line":16,"column":15},"end":{"line":16,"column":35}},"loc":{"start":{"line":16,"column":35},"end":{"line":30,"column":1}}}},"branchMap":{"0":{"loc":{"start":{"line":9,"column":2},"end":{"line":9,"column":36}},"type":"if","locations":[{"start":{"line":9,"column":2},"end":{"line":9,"column":36}}]},"1":{"loc":{"start":{"line":19,"column":2},"end":{"line":22,"column":null}},"type":"if","locations":[{"start":{"line":19,"column":2},"end":{"line":22,"column":null}}]},"2":{"loc":{"start":{"line":29,"column":9},"end":{"line":29,"column":64}},"type":"binary-expr","locations":[{"start":{"line":29,"column":9},"end":{"line":29,"column":35}},{"start":{"line":29,"column":39},"end":{"line":29,"column":64}}]}},"s":{"0":1,"1":1,"2":1,"3":1,"4":0,"5":0,"6":0,"7":0,"8":0,"9":0,"10":0,"11":0,"12":0,"13":0,"14":0,"15":0,"16":0,"17":0,"18":0,"19":1,"20":1},"f":{"0":0,"1":0},"b":{"0":[0],"1":[0],"2":[0,0]}}
,"/home/roberta/Área de Trabalho/drivent_entrega/src/services/hotels-service/index.ts": {"path":"/home/roberta/Área de Trabalho/drivent_entrega/src/services/hotels-service/index.ts","statementMap":{"0":{"start":{"line":1,"column":0},"end":{"line":1,"column":41}},"1":{"start":{"line":2,"column":0},"end":{"line":2,"column":72}},"2":{"start":{"line":4,"column":0},"end":{"line":4,"column":62}},"3":{"start":{"line":5,"column":0},"end":{"line":5,"column":70}},"4":{"start":{"line":14,"column":29},"end":{"line":14,"column":79}},"5":{"start":{"line":15,"column":27},"end":{"line":15,"column":29}},"6":{"start":{"line":18,"column":0},"end":{"line":27,"column":null}},"7":{"start":{"line":18,"column":16},"end":{"line":18,"column":17}},"8":{"start":{"line":19,"column":25},"end":{"line":19,"column":51}},"9":{"start":{"line":20,"column":29},"end":{"line":20,"column":78}},"10":{"start":{"line":21,"column":25},"end":{"line":21,"column":48}},"11":{"start":{"line":22,"column":3},"end":{"line":26,"column":null}},"12":{"start":{"line":23,"column":4},"end":{"line":25,"column":null}},"13":{"start":{"line":24,"column":8},"end":{"line":24,"column":null}},"14":{"start":{"line":29,"column":0},"end":{"line":31,"column":null}},"15":{"start":{"line":30,"column":4},"end":{"line":30,"column":null}},"16":{"start":{"line":33,"column":23},"end":{"line":33,"column":43}},"17":{"start":{"line":34,"column":4},"end":{"line":34,"column":null}},"18":{"start":{"line":39,"column":23},"end":{"line":39,"column":59}},"19":{"start":{"line":40,"column":4},"end":{"line":40,"column":null}},"20":{"start":{"line":45,"column":22},"end":{"line":45,"column":65}},"21":{"start":{"line":47,"column":4},"end":{"line":49,"column":null}},"22":{"start":{"line":48,"column":8},"end":{"line":48,"column":null}},"23":{"start":{"line":51,"column":0},"end":{"line":51,"column":null}},"24":{"start":{"line":54,"column":22},"end":{"line":57,"column":null}},"25":{"start":{"line":58,"column":0},"end":{"line":58,"column":29}}},"fnMap":{"0":{"name":"getHotelsAvailbles","decl":{"start":{"line":12,"column":15},"end":{"line":12,"column":33}},"loc":{"start":{"line":12,"column":48},"end":{"line":35,"column":1}}},"1":{"name":"getHotelList","decl":{"start":{"line":38,"column":15},"end":{"line":38,"column":27}},"loc":{"start":{"line":38,"column":27},"end":{"line":41,"column":1}}},"2":{"name":"getRoomsAvailables","decl":{"start":{"line":43,"column":15},"end":{"line":43,"column":33}},"loc":{"start":{"line":43,"column":49},"end":{"line":52,"column":1}}}},"branchMap":{"0":{"loc":{"start":{"line":22,"column":3},"end":{"line":26,"column":null}},"type":"if","locations":[{"start":{"line":22,"column":3},"end":{"line":26,"column":null}}]},"1":{"loc":{"start":{"line":23,"column":4},"end":{"line":25,"column":null}},"type":"if","locations":[{"start":{"line":23,"column":4},"end":{"line":25,"column":null}}]},"2":{"loc":{"start":{"line":29,"column":0},"end":{"line":31,"column":null}},"type":"if","locations":[{"start":{"line":29,"column":0},"end":{"line":31,"column":null}}]},"3":{"loc":{"start":{"line":47,"column":4},"end":{"line":49,"column":null}},"type":"if","locations":[{"start":{"line":47,"column":4},"end":{"line":49,"column":null}}]}},"s":{"0":1,"1":1,"2":1,"3":1,"4":0,"5":0,"6":0,"7":0,"8":0,"9":0,"10":0,"11":0,"12":0,"13":0,"14":0,"15":0,"16":0,"17":0,"18":0,"19":0,"20":0,"21":0,"22":0,"23":0,"24":1,"25":1},"f":{"0":0,"1":0,"2":0},"b":{"0":[0],"1":[0],"2":[0],"3":[0]}}
,"/home/roberta/Área de Trabalho/drivent_entrega/src/services/tickets-service/index.ts": {"path":"/home/roberta/Área de Trabalho/drivent_entrega/src/services/tickets-service/index.ts","statementMap":{"0":{"start":{"line":1,"column":0},"end":{"line":1,"column":40}},"1":{"start":{"line":2,"column":0},"end":{"line":2,"column":72}},"2":{"start":{"line":3,"column":0},"end":{"line":3,"column":69}},"3":{"start":{"line":9,"column":28},"end":{"line":9,"column":62}},"4":{"start":{"line":11,"column":4},"end":{"line":13,"column":null}},"5":{"start":{"line":12,"column":8},"end":{"line":12,"column":30}},"6":{"start":{"line":15,"column":4},"end":{"line":15,"column":null}},"7":{"start":{"line":7,"column":0},"end":{"line":7,"column":7}},"8":{"start":{"line":20,"column":25},"end":{"line":20,"column":54}},"9":{"start":{"line":22,"column":25},"end":{"line":22,"column":74}},"10":{"start":{"line":24,"column":4},"end":{"line":26,"column":null}},"11":{"start":{"line":25,"column":8},"end":{"line":25,"column":30}},"12":{"start":{"line":27,"column":4},"end":{"line":27,"column":null}},"13":{"start":{"line":18,"column":0},"end":{"line":18,"column":7}},"14":{"start":{"line":32,"column":23},"end":{"line":32,"column":81}},"15":{"start":{"line":34,"column":4},"end":{"line":36,"column":null}},"16":{"start":{"line":35,"column":8},"end":{"line":35,"column":30}},"17":{"start":{"line":38,"column":4},"end":{"line":38,"column":null}},"18":{"start":{"line":43,"column":25},"end":{"line":43,"column":54}},"19":{"start":{"line":45,"column":35},"end":{"line":45,"column":82}},"20":{"start":{"line":47,"column":18},"end":{"line":47,"column":92}},"21":{"start":{"line":49,"column":4},"end":{"line":49,"column":null}},"22":{"start":{"line":41,"column":0},"end":{"line":41,"column":7}},"23":{"start":{"line":53,"column":23},"end":{"line":57,"column":null}},"24":{"start":{"line":59,"column":0},"end":{"line":59,"column":null}}},"fnMap":{"0":{"name":"getAllTickets","decl":{"start":{"line":7,"column":22},"end":{"line":7,"column":35}},"loc":{"start":{"line":7,"column":35},"end":{"line":16,"column":1}}},"1":{"name":"getUserTickets","decl":{"start":{"line":18,"column":22},"end":{"line":18,"column":36}},"loc":{"start":{"line":18,"column":51},"end":{"line":28,"column":1}}},"2":{"name":"getEnrollmentId","decl":{"start":{"line":30,"column":15},"end":{"line":30,"column":30}},"loc":{"start":{"line":30,"column":44},"end":{"line":39,"column":1}}},"3":{"name":"postUserTickets","decl":{"start":{"line":41,"column":22},"end":{"line":41,"column":37}},"loc":{"start":{"line":41,"column":69},"end":{"line":50,"column":1}}}},"branchMap":{"0":{"loc":{"start":{"line":11,"column":4},"end":{"line":13,"column":null}},"type":"if","locations":[{"start":{"line":11,"column":4},"end":{"line":13,"column":null}}]},"1":{"loc":{"start":{"line":24,"column":4},"end":{"line":26,"column":null}},"type":"if","locations":[{"start":{"line":24,"column":4},"end":{"line":26,"column":null}}]},"2":{"loc":{"start":{"line":34,"column":4},"end":{"line":36,"column":null}},"type":"if","locations":[{"start":{"line":34,"column":4},"end":{"line":36,"column":null}}]}},"s":{"0":1,"1":1,"2":1,"3":0,"4":0,"5":0,"6":0,"7":1,"8":0,"9":0,"10":0,"11":0,"12":0,"13":1,"14":0,"15":0,"16":0,"17":0,"18":0,"19":0,"20":0,"21":0,"22":1,"23":1,"24":1},"f":{"0":0,"1":0,"2":0,"3":0},"b":{"0":[0],"1":[0],"2":[0]}}
,"/home/roberta/Área de Trabalho/drivent_entrega/src/services/users-service/errors.ts": {"path":"/home/roberta/Área de Trabalho/drivent_entrega/src/services/users-service/errors.ts","statementMap":{"0":{"start":{"line":4,"column":2},"end":{"line":7,"column":4}},"1":{"start":{"line":3,"column":0},"end":{"line":3,"column":16}}},"fnMap":{"0":{"name":"duplicatedEmailError","decl":{"start":{"line":3,"column":16},"end":{"line":3,"column":36}},"loc":{"start":{"line":3,"column":36},"end":{"line":8,"column":1}}}},"branchMap":{},"s":{"0":0,"1":1},"f":{"0":0},"b":{}}
,"/home/roberta/Área de Trabalho/drivent_entrega/src/services/users-service/index.ts": {"path":"/home/roberta/Área de Trabalho/drivent_entrega/src/services/users-service/index.ts","statementMap":{"0":{"start":{"line":1,"column":0},"end":{"line":1,"column":60}},"1":{"start":{"line":2,"column":0},"end":{"line":2,"column":60}},"2":{"start":{"line":4,"column":0},"end":{"line":4,"column":28}},"3":{"start":{"line":5,"column":0},"end":{"line":5,"column":46}},"4":{"start":{"line":6,"column":0},"end":{"line":6,"column":48}},"5":{"start":{"line":11,"column":2},"end":{"line":11,"column":41}},"6":{"start":{"line":13,"column":25},"end":{"line":13,"column":56}},"7":{"start":{"line":14,"column":2},"end":{"line":17,"column":5}},"8":{"start":{"line":8,"column":0},"end":{"line":8,"column":7}},"9":{"start":{"line":21,"column":28},"end":{"line":21,"column":67}},"10":{"start":{"line":22,"column":2},"end":{"line":24,"column":null}},"11":{"start":{"line":23,"column":4},"end":{"line":23,"column":33}},"12":{"start":{"line":28,"column":20},"end":{"line":28,"column":62}},"13":{"start":{"line":29,"column":2},"end":{"line":31,"column":null}},"14":{"start":{"line":30,"column":4},"end":{"line":30,"column":45}},"15":{"start":{"line":36,"column":20},"end":{"line":38,"column":2}},"16":{"start":{"line":40,"column":0},"end":{"line":40,"column":25}},"17":{"start":{"line":41,"column":0},"end":{"line":41,"column":27}}},"fnMap":{"0":{"name":"createUser","decl":{"start":{"line":8,"column":22},"end":{"line":8,"column":32}},"loc":{"start":{"line":8,"column":70},"end":{"line":18,"column":1}}},"1":{"name":"validateUniqueEmailOrFail","decl":{"start":{"line":20,"column":15},"end":{"line":20,"column":40}},"loc":{"start":{"line":20,"column":54},"end":{"line":25,"column":1}}},"2":{"name":"canEnrollOrFail","decl":{"start":{"line":27,"column":15},"end":{"line":27,"column":30}},"loc":{"start":{"line":27,"column":30},"end":{"line":32,"column":1}}}},"branchMap":{"0":{"loc":{"start":{"line":22,"column":2},"end":{"line":24,"column":null}},"type":"if","locations":[{"start":{"line":22,"column":2},"end":{"line":24,"column":null}}]},"1":{"loc":{"start":{"line":29,"column":2},"end":{"line":31,"column":null}},"type":"if","locations":[{"start":{"line":29,"column":2},"end":{"line":31,"column":null}}]}},"s":{"0":1,"1":1,"2":1,"3":1,"4":1,"5":0,"6":0,"7":0,"8":1,"9":0,"10":0,"11":0,"12":0,"13":0,"14":0,"15":1,"16":1,"17":1},"f":{"0":0,"1":0,"2":0},"b":{"0":[0],"1":[0]}}
,"/home/roberta/Área de Trabalho/drivent_entrega/src/utils/cep-service.ts": {"path":"/home/roberta/Área de Trabalho/drivent_entrega/src/utils/cep-service.ts","statementMap":{"0":{"start":{"line":2,"column":0},"end":{"line":2,"column":36}},"1":{"start":{"line":5,"column":17},"end":{"line":5,"column":75}},"2":{"start":{"line":6,"column":2},"end":{"line":6,"column":21}},"3":{"start":{"line":10,"column":2},"end":{"line":10,"column":12}}},"fnMap":{"0":{"name":"getAddress","decl":{"start":{"line":4,"column":15},"end":{"line":4,"column":25}},"loc":{"start":{"line":4,"column":37},"end":{"line":7,"column":1}}}},"branchMap":{},"s":{"0":1,"1":0,"2":0,"3":1},"f":{"0":0},"b":{}}
,"/home/roberta/Área de Trabalho/drivent_entrega/src/utils/prisma-utils.ts": {"path":"/home/roberta/Área de Trabalho/drivent_entrega/src/utils/prisma-utils.ts","statementMap":{"0":{"start":{"line":2,"column":20},"end":{"line":2,"column":54}},"1":{"start":{"line":3,"column":2},"end":{"line":5,"column":null}},"2":{"start":{"line":4,"column":4},"end":{"line":4,"column":26}},"3":{"start":{"line":6,"column":2},"end":{"line":6,"column":19}},"4":{"start":{"line":1,"column":0},"end":{"line":1,"column":16}}},"fnMap":{"0":{"name":"exclude","decl":{"start":{"line":1,"column":16},"end":{"line":1,"column":23}},"loc":{"start":{"line":1,"column":73},"end":{"line":7,"column":1}}}},"branchMap":{},"s":{"0":0,"1":0,"2":0,"3":0,"4":1},"f":{"0":0},"b":{}}
,"/home/roberta/Área de Trabalho/drivent_entrega/src/utils/request.ts": {"path":"/home/roberta/Área de Trabalho/drivent_entrega/src/utils/request.ts","statementMap":{"0":{"start":{"line":1,"column":0},"end":{"line":1,"column":26}},"1":{"start":{"line":2,"column":0},"end":{"line":2,"column":40}},"2":{"start":{"line":5,"column":2},"end":{"line":15,"column":null}},"3":{"start":{"line":6,"column":19},"end":{"line":6,"column":39}},"4":{"start":{"line":7,"column":4},"end":{"line":7,"column":18}},"5":{"start":{"line":12,"column":8},"end":{"line":12,"column":22}},"6":{"start":{"line":14,"column":4},"end":{"line":14,"column":44}},"7":{"start":{"line":18,"column":13},"end":{"line":20,"column":2}}},"fnMap":{"0":{"name":"get","decl":{"start":{"line":4,"column":15},"end":{"line":4,"column":18}},"loc":{"start":{"line":4,"column":30},"end":{"line":16,"column":1}}}},"branchMap":{},"s":{"0":1,"1":1,"2":0,"3":0,"4":0,"5":0,"6":0,"7":1},"f":{"0":0},"b":{}}
,"/home/roberta/Área de Trabalho/drivent_entrega/tests/helpers.ts": {"path":"/home/roberta/Área de Trabalho/drivent_entrega/tests/helpers.ts","statementMap":{"0":{"start":{"line":1,"column":0},"end":{"line":1,"column":36}},"1":{"start":{"line":4,"column":0},"end":{"line":4,"column":41}},"2":{"start":{"line":5,"column":0},"end":{"line":5,"column":61}},"3":{"start":{"line":6,"column":0},"end":{"line":6,"column":34}},"4":{"start":{"line":9,"column":2},"end":{"line":9,"column":38}},"5":{"start":{"line":10,"column":2},"end":{"line":10,"column":38}},"6":{"start":{"line":11,"column":2},"end":{"line":11,"column":37}},"7":{"start":{"line":12,"column":2},"end":{"line":12,"column":41}},"8":{"start":{"line":13,"column":2},"end":{"line":13,"column":36}},"9":{"start":{"line":14,"column":2},"end":{"line":14,"column":38}},"10":{"start":{"line":15,"column":2},"end":{"line":15,"column":null}},"11":{"start":{"line":16,"column":2},"end":{"line":16,"column":35}},"12":{"start":{"line":17,"column":2},"end":{"line":17,"column":41}},"13":{"start":{"line":18,"column":2},"end":{"line":18,"column":35}},"14":{"start":{"line":19,"column":2},"end":{"line":19,"column":36}},"15":{"start":{"line":8,"column":0},"end":{"line":8,"column":7}},"16":{"start":{"line":24,"column":23},"end":{"line":24,"column":51}},"17":{"start":{"line":25,"column":16},"end":{"line":25,"column":77}},"18":{"start":{"line":27,"column":2},"end":{"line":27,"column":29}},"19":{"start":{"line":29,"column":2},"end":{"line":29,"column":15}},"20":{"start":{"line":23,"column":0},"end":{"line":23,"column":7}}},"fnMap":{"0":{"name":"cleanDb","decl":{"start":{"line":8,"column":22},"end":{"line":8,"column":29}},"loc":{"start":{"line":8,"column":29},"end":{"line":21,"column":1}}},"1":{"name":"generateValidToken","decl":{"start":{"line":23,"column":22},"end":{"line":23,"column":40}},"loc":{"start":{"line":23,"column":52},"end":{"line":30,"column":1}}}},"branchMap":{"0":{"loc":{"start":{"line":24,"column":23},"end":{"line":24,"column":51}},"type":"binary-expr","locations":[{"start":{"line":24,"column":23},"end":{"line":24,"column":27}},{"start":{"line":24,"column":32},"end":{"line":24,"column":50}}]}},"s":{"0":1,"1":1,"2":1,"3":1,"4":22,"5":22,"6":22,"7":22,"8":22,"9":22,"10":22,"11":22,"12":22,"13":22,"14":22,"15":1,"16":13,"17":13,"18":13,"19":13,"20":1},"f":{"0":22,"1":13},"b":{"0":[13,0]}}
,"/home/roberta/Área de Trabalho/drivent_entrega/tests/factories/booking-factory.ts": {"path":"/home/roberta/Área de Trabalho/drivent_entrega/tests/factories/booking-factory.ts","statementMap":{"0":{"start":{"line":2,"column":0},"end":{"line":2,"column":34}},"1":{"start":{"line":8,"column":2},"end":{"line":13,"column":5}},"2":{"start":{"line":7,"column":0},"end":{"line":7,"column":7}},"3":{"start":{"line":18,"column":2},"end":{"line":18,"column":40}},"4":{"start":{"line":17,"column":0},"end":{"line":17,"column":7}}},"fnMap":{"0":{"name":"createBooking","decl":{"start":{"line":7,"column":22},"end":{"line":7,"column":35}},"loc":{"start":{"line":7,"column":66},"end":{"line":14,"column":1}}},"1":{"name":"countAllBookings","decl":{"start":{"line":17,"column":22},"end":{"line":17,"column":38}},"loc":{"start":{"line":17,"column":38},"end":{"line":19,"column":1}}}},"branchMap":{},"s":{"0":1,"1":8,"2":1,"3":2,"4":1},"f":{"0":8,"1":2},"b":{}}
,"/home/roberta/Área de Trabalho/drivent_entrega/tests/factories/enrollments-factory.ts": {"path":"/home/roberta/Área de Trabalho/drivent_entrega/tests/factories/enrollments-factory.ts","statementMap":{"0":{"start":{"line":1,"column":0},"end":{"line":1,"column":36}},"1":{"start":{"line":2,"column":0},"end":{"line":2,"column":74}},"2":{"start":{"line":5,"column":0},"end":{"line":5,"column":45}},"3":{"start":{"line":6,"column":0},"end":{"line":6,"column":34}},"4":{"start":{"line":9,"column":23},"end":{"line":9,"column":51}},"5":{"start":{"line":11,"column":2},"end":{"line":32,"column":5}},"6":{"start":{"line":8,"column":0},"end":{"line":8,"column":7}},"7":{"start":{"line":36,"column":2},"end":{"line":42,"column":4}},"8":{"start":{"line":35,"column":0},"end":{"line":35,"column":16}}},"fnMap":{"0":{"name":"createEnrollmentWithAddress","decl":{"start":{"line":8,"column":22},"end":{"line":8,"column":49}},"loc":{"start":{"line":8,"column":61},"end":{"line":33,"column":1}}},"1":{"name":"createhAddressWithCEP","decl":{"start":{"line":35,"column":16},"end":{"line":35,"column":37}},"loc":{"start":{"line":35,"column":37},"end":{"line":43,"column":1}}}},"branchMap":{"0":{"loc":{"start":{"line":9,"column":23},"end":{"line":9,"column":51}},"type":"binary-expr","locations":[{"start":{"line":9,"column":23},"end":{"line":9,"column":27}},{"start":{"line":9,"column":32},"end":{"line":9,"column":50}}]}},"s":{"0":1,"1":1,"2":1,"3":1,"4":4,"5":4,"6":1,"7":0,"8":1},"f":{"0":4,"1":0},"b":{"0":[4,0]}}
,"/home/roberta/Área de Trabalho/drivent_entrega/tests/factories/events-factory.ts": {"path":"/home/roberta/Área de Trabalho/drivent_entrega/tests/factories/events-factory.ts","statementMap":{"0":{"start":{"line":1,"column":0},"end":{"line":1,"column":26}},"1":{"start":{"line":2,"column":0},"end":{"line":2,"column":36}},"2":{"start":{"line":4,"column":0},"end":{"line":4,"column":34}},"3":{"start":{"line":7,"column":2},"end":{"line":15,"column":5}},"4":{"start":{"line":6,"column":0},"end":{"line":6,"column":16}}},"fnMap":{"0":{"name":"createEvent","decl":{"start":{"line":6,"column":16},"end":{"line":6,"column":27}},"loc":{"start":{"line":6,"column":55},"end":{"line":16,"column":1}}}},"branchMap":{"0":{"loc":{"start":{"line":6,"column":28},"end":{"line":6,"column":55}},"type":"default-arg","locations":[{"start":{"line":6,"column":53},"end":{"line":6,"column":55}}]},"1":{"loc":{"start":{"line":9,"column":13},"end":{"line":9,"column":51}},"type":"binary-expr","locations":[{"start":{"line":9,"column":13},"end":{"line":9,"column":25}},{"start":{"line":9,"column":29},"end":{"line":9,"column":51}}]},"2":{"loc":{"start":{"line":10,"column":26},"end":{"line":10,"column":77}},"type":"binary-expr","locations":[{"start":{"line":10,"column":26},"end":{"line":10,"column":51}},{"start":{"line":10,"column":55},"end":{"line":10,"column":77}}]},"3":{"loc":{"start":{"line":11,"column":20},"end":{"line":11,"column":65}},"type":"binary-expr","locations":[{"start":{"line":11,"column":20},"end":{"line":11,"column":39}},{"start":{"line":11,"column":43},"end":{"line":11,"column":65}}]},"4":{"loc":{"start":{"line":12,"column":16},"end":{"line":12,"column":70}},"type":"binary-expr","locations":[{"start":{"line":12,"column":16},"end":{"line":12,"column":31}},{"start":{"line":12,"column":35},"end":{"line":12,"column":70}}]},"5":{"loc":{"start":{"line":13,"column":14},"end":{"line":13,"column":62}},"type":"binary-expr","locations":[{"start":{"line":13,"column":14},"end":{"line":13,"column":27}},{"start":{"line":13,"column":31},"end":{"line":13,"column":62}}]}},"s":{"0":1,"1":1,"2":1,"3":0,"4":1},"f":{"0":0},"b":{"0":[0],"1":[0,0],"2":[0,0],"3":[0,0],"4":[0,0],"5":[0,0]}}
,"/home/roberta/Área de Trabalho/drivent_entrega/tests/factories/hotel-factory.ts": {"path":"/home/roberta/Área de Trabalho/drivent_entrega/tests/factories/hotel-factory.ts","statementMap":{"0":{"start":{"line":1,"column":0},"end":{"line":1,"column":36}},"1":{"start":{"line":2,"column":0},"end":{"line":2,"column":34}},"2":{"start":{"line":8,"column":2},"end":{"line":14,"column":5}},"3":{"start":{"line":7,"column":0},"end":{"line":7,"column":7}},"4":{"start":{"line":19,"column":2},"end":{"line":25,"column":6}},"5":{"start":{"line":18,"column":0},"end":{"line":18,"column":7}},"6":{"start":{"line":29,"column":2},"end":{"line":35,"column":6}},"7":{"start":{"line":28,"column":0},"end":{"line":28,"column":7}}},"fnMap":{"0":{"name":"createHotelType","decl":{"start":{"line":7,"column":22},"end":{"line":7,"column":37}},"loc":{"start":{"line":7,"column":37},"end":{"line":15,"column":1}}},"1":{"name":"createRoomType","decl":{"start":{"line":18,"column":22},"end":{"line":18,"column":36}},"loc":{"start":{"line":18,"column":51},"end":{"line":26,"column":1}}},"2":{"name":"createRoomTypeNotAvailable","decl":{"start":{"line":28,"column":22},"end":{"line":28,"column":48}},"loc":{"start":{"line":28,"column":63},"end":{"line":36,"column":1}}}},"branchMap":{},"s":{"0":1,"1":1,"2":13,"3":1,"4":13,"5":1,"6":2,"7":1},"f":{"0":13,"1":13,"2":2},"b":{}}
,"/home/roberta/Área de Trabalho/drivent_entrega/tests/factories/index.ts": {"path":"/home/roberta/Área de Trabalho/drivent_entrega/tests/factories/index.ts","statementMap":{"0":{"start":{"line":1,"column":0},"end":{"line":1,"column":32}},"1":{"start":{"line":2,"column":0},"end":{"line":2,"column":33}},"2":{"start":{"line":3,"column":0},"end":{"line":3,"column":35}},"3":{"start":{"line":4,"column":0},"end":{"line":4,"column":38}},"4":{"start":{"line":5,"column":0},"end":{"line":5,"column":34}},"5":{"start":{"line":6,"column":0},"end":{"line":6,"column":35}},"6":{"start":{"line":7,"column":0},"end":{"line":7,"column":32}},"7":{"start":{"line":8,"column":0},"end":{"line":8,"column":33}}},"fnMap":{},"branchMap":{},"s":{"0":1,"1":1,"2":1,"3":1,"4":1,"5":1,"6":1,"7":1},"f":{},"b":{}}
,"/home/roberta/Área de Trabalho/drivent_entrega/tests/factories/payments-factory.ts": {"path":"/home/roberta/Área de Trabalho/drivent_entrega/tests/factories/payments-factory.ts","statementMap":{"0":{"start":{"line":1,"column":0},"end":{"line":1,"column":36}},"1":{"start":{"line":2,"column":0},"end":{"line":2,"column":34}},"2":{"start":{"line":5,"column":2},"end":{"line":12,"column":5}},"3":{"start":{"line":4,"column":0},"end":{"line":4,"column":7}},"4":{"start":{"line":16,"column":21},"end":{"line":16,"column":40}},"5":{"start":{"line":18,"column":2},"end":{"line":24,"column":4}},"6":{"start":{"line":15,"column":0},"end":{"line":15,"column":16}}},"fnMap":{"0":{"name":"createPayment","decl":{"start":{"line":4,"column":22},"end":{"line":4,"column":35}},"loc":{"start":{"line":4,"column":67},"end":{"line":13,"column":1}}},"1":{"name":"generateCreditCardData","decl":{"start":{"line":15,"column":16},"end":{"line":15,"column":38}},"loc":{"start":{"line":15,"column":38},"end":{"line":25,"column":1}}}},"branchMap":{},"s":{"0":1,"1":1,"2":0,"3":1,"4":0,"5":0,"6":1},"f":{"0":0,"1":0},"b":{}}
,"/home/roberta/Área de Trabalho/drivent_entrega/tests/factories/sessions-factory.ts": {"path":"/home/roberta/Área de Trabalho/drivent_entrega/tests/factories/sessions-factory.ts","statementMap":{"0":{"start":{"line":2,"column":0},"end":{"line":2,"column":45}},"1":{"start":{"line":3,"column":0},"end":{"line":3,"column":34}},"2":{"start":{"line":6,"column":15},"end":{"line":6,"column":33}},"3":{"start":{"line":8,"column":2},"end":{"line":13,"column":5}},"4":{"start":{"line":5,"column":0},"end":{"line":5,"column":7}}},"fnMap":{"0":{"name":"createSession","decl":{"start":{"line":5,"column":22},"end":{"line":5,"column":35}},"loc":{"start":{"line":5,"column":49},"end":{"line":14,"column":1}}}},"branchMap":{},"s":{"0":1,"1":1,"2":13,"3":13,"4":1},"f":{"0":13},"b":{}}
,"/home/roberta/Área de Trabalho/drivent_entrega/tests/factories/tickets-factory.ts": {"path":"/home/roberta/Área de Trabalho/drivent_entrega/tests/factories/tickets-factory.ts","statementMap":{"0":{"start":{"line":1,"column":0},"end":{"line":1,"column":36}},"1":{"start":{"line":2,"column":0},"end":{"line":2,"column":34}},"2":{"start":{"line":6,"column":2},"end":{"line":13,"column":5}},"3":{"start":{"line":5,"column":0},"end":{"line":5,"column":7}},"4":{"start":{"line":17,"column":2},"end":{"line":24,"column":5}},"5":{"start":{"line":16,"column":0},"end":{"line":16,"column":7}},"6":{"start":{"line":28,"column":2},"end":{"line":34,"column":5}},"7":{"start":{"line":27,"column":0},"end":{"line":27,"column":7}},"8":{"start":{"line":38,"column":2},"end":{"line":45,"column":5}},"9":{"start":{"line":37,"column":0},"end":{"line":37,"column":7}}},"fnMap":{"0":{"name":"createTicketType","decl":{"start":{"line":5,"column":22},"end":{"line":5,"column":38}},"loc":{"start":{"line":5,"column":38},"end":{"line":14,"column":1}}},"1":{"name":"createTicketTypeIncludeHotel","decl":{"start":{"line":16,"column":22},"end":{"line":16,"column":50}},"loc":{"start":{"line":16,"column":70},"end":{"line":25,"column":1}}},"2":{"name":"createTicket","decl":{"start":{"line":27,"column":22},"end":{"line":27,"column":34}},"loc":{"start":{"line":27,"column":99},"end":{"line":35,"column":1}}},"3":{"name":"createTicketTypeWithHotel","decl":{"start":{"line":37,"column":22},"end":{"line":37,"column":47}},"loc":{"start":{"line":37,"column":72},"end":{"line":46,"column":1}}}},"branchMap":{},"s":{"0":1,"1":1,"2":0,"3":1,"4":2,"5":1,"6":4,"7":1,"8":2,"9":1},"f":{"0":0,"1":2,"2":4,"3":2},"b":{}}
,"/home/roberta/Área de Trabalho/drivent_entrega/tests/factories/users-factory.ts": {"path":"/home/roberta/Área de Trabalho/drivent_entrega/tests/factories/users-factory.ts","statementMap":{"0":{"start":{"line":1,"column":0},"end":{"line":1,"column":28}},"1":{"start":{"line":2,"column":0},"end":{"line":2,"column":36}},"2":{"start":{"line":4,"column":0},"end":{"line":4,"column":34}},"3":{"start":{"line":7,"column":27},"end":{"line":7,"column":72}},"4":{"start":{"line":8,"column":25},"end":{"line":8,"column":64}},"5":{"start":{"line":10,"column":2},"end":{"line":15,"column":5}},"6":{"start":{"line":6,"column":0},"end":{"line":6,"column":7}}},"fnMap":{"0":{"name":"createUser","decl":{"start":{"line":6,"column":22},"end":{"line":6,"column":32}},"loc":{"start":{"line":6,"column":59},"end":{"line":16,"column":1}}}},"branchMap":{"0":{"loc":{"start":{"line":6,"column":33},"end":{"line":6,"column":59}},"type":"default-arg","locations":[{"start":{"line":6,"column":57},"end":{"line":6,"column":59}}]},"1":{"loc":{"start":{"line":7,"column":27},"end":{"line":7,"column":72}},"type":"binary-expr","locations":[{"start":{"line":7,"column":27},"end":{"line":7,"column":42}},{"start":{"line":7,"column":46},"end":{"line":7,"column":72}}]},"2":{"loc":{"start":{"line":12,"column":13},"end":{"line":12,"column":51}},"type":"binary-expr","locations":[{"start":{"line":12,"column":13},"end":{"line":12,"column":25}},{"start":{"line":12,"column":29},"end":{"line":12,"column":51}}]}},"s":{"0":1,"1":1,"2":1,"3":29,"4":29,"5":29,"6":1},"f":{"0":29},"b":{"0":[29],"1":[29,29],"2":[29,29]}}
}
