TN:
SF:src/app.ts
FN:17,(anonymous_1)
FN:26,init
FN:31,close
FNF:3
FNH:2
FNDA:1,(anonymous_1)
FNDA:10,init
FNDA:0,close
DA:1,10
DA:2,10
DA:3,10
DA:4,10
DA:6,10
DA:8,10
DA:10,10
DA:11,10
DA:13,10
DA:14,10
DA:17,1
DA:26,10
DA:27,10
DA:28,10
DA:31,10
DA:32,0
DA:35,10
LF:17
LH:16
BRF:0
BRH:0
end_of_record
TN:
SF:src/config/database.ts
FN:4,connectDb
FN:8,disconnectDB
FNF:2
FNH:1
FNDA:10,connectDb
FNDA:0,disconnectDB
DA:1,13
DA:4,13
DA:5,10
DA:8,13
DA:9,0
LF:5
LH:4
BRF:0
BRH:0
end_of_record
TN:
SF:src/config/envs.ts
FN:4,loadEnv
FNF:1
FNH:1
FNDA:23,loadEnv
DA:1,13
DA:2,13
DA:4,13
DA:6,23
DA:12,23
DA:13,23
LF:6
LH:6
BRDA:6,0,0,23
BRDA:6,0,1,0
BRDA:8,1,0,0
BRDA:8,1,1,0
BRF:4
BRH:1
end_of_record
TN:
SF:src/config/index.ts
FNF:0
FNH:0
DA:1,13
DA:2,13
LF:2
LH:2
BRF:0
BRH:0
end_of_record
TN:
SF:src/controllers/authentication-controller.ts
FN:4,singInPost
FNF:1
FNH:1
FNDA:5,singInPost
DA:1,10
DA:3,10
DA:4,10
DA:5,5
DA:7,5
DA:8,5
DA:10,1
DA:12,4
LF:8
LH:8
BRF:0
BRH:0
end_of_record
TN:
SF:src/controllers/enrollments-controller.ts
FN:6,getEnrollmentByUser
FN:18,postCreateOrUpdateEnrollment
FN:34,getAddressFromCEP
FNF:3
FNH:3
FNDA:2,getEnrollmentByUser
FNDA:2,postCreateOrUpdateEnrollment
FNDA:2,getAddressFromCEP
DA:2,10
DA:4,10
DA:6,10
DA:7,2
DA:8,2
DA:9,2
DA:10,2
DA:12,1
DA:14,1
DA:18,10
DA:19,2
DA:20,2
DA:21,2
DA:22,2
DA:27,2
DA:29,0
DA:30,0
DA:34,10
DA:35,2
DA:37,2
DA:38,2
DA:39,1
DA:41,1
DA:42,1
LF:24
LH:22
BRDA:41,0,0,1
BRF:1
BRH:1
end_of_record
TN:
SF:src/controllers/events-controller.ts
FN:5,getDefaultEvent
FNF:1
FNH:1
FNDA:2,getDefaultEvent
DA:1,10
DA:3,10
DA:5,10
DA:6,2
DA:7,2
DA:8,1
DA:10,1
LF:7
LH:7
BRF:0
BRH:0
end_of_record
TN:
SF:src/controllers/hotels-controller.ts
FN:6,getHotels
FN:20,getRooms
FNF:2
FNH:1
FNDA:0,getHotels
FNDA:3,getRooms
DA:3,10
DA:4,10
DA:6,10
DA:8,0
DA:10,0
DA:11,0
DA:13,0
DA:16,0
DA:20,10
DA:22,3
DA:23,3
DA:24,0
DA:27,3
DA:28,3
DA:30,1
DA:33,2
DA:37,10
DA:42,10
LF:18
LH:12
BRDA:23,0,0,0
BRF:1
BRH:0
end_of_record
TN:
SF:src/controllers/index.ts
FNF:0
FNH:0
DA:1,10
DA:2,10
DA:3,10
DA:4,10
DA:5,10
DA:6,10
LF:6
LH:6
BRF:0
BRH:0
end_of_record
TN:
SF:src/controllers/ticket-controller.ts
FN:8,getTicketTypes
FN:19,getYourTicket
FN:35,postYourTicket
FNF:3
FNH:3
FNDA:2,getTicketTypes
FNDA:1,getYourTicket
FNDA:3,postYourTicket
DA:4,10
DA:5,10
DA:8,10
DA:10,2
DA:11,2
DA:13,2
DA:15,0
DA:19,10
DA:21,1
DA:23,1
DA:26,1
DA:27,1
DA:29,0
DA:31,1
DA:35,10
DA:37,3
DA:38,3
DA:39,3
DA:41,3
DA:43,3
DA:45,1
DA:47,2
DA:51,10
DA:57,10
LF:24
LH:22
BRF:0
BRH:0
end_of_record
TN:
SF:src/controllers/users-controller.ts
FN:5,usersPost
FNF:1
FNH:1
FNDA:6,usersPost
DA:1,10
DA:3,10
DA:5,10
DA:6,6
DA:7,6
DA:8,6
DA:9,6
DA:10,6
DA:15,0
DA:16,0
DA:18,0
LF:11
LH:8
BRDA:15,0,0,0
BRF:1
BRH:0
end_of_record
TN:
SF:src/errors/cannot-enroll-before-start-date-error.ts
FN:3,cannotEnrollBeforeStartDateError
FNF:1
FNH:0
FNDA:0,cannotEnrollBeforeStartDateError
DA:3,10
DA:4,0
LF:2
LH:1
BRF:0
BRH:0
end_of_record
TN:
SF:src/errors/conflict-error.ts
FN:3,conflictError
FNF:1
FNH:0
FNDA:0,conflictError
DA:3,10
DA:4,0
LF:2
LH:1
BRF:0
BRH:0
end_of_record
TN:
SF:src/errors/index.ts
FNF:0
FNH:0
DA:1,10
DA:2,10
DA:3,10
DA:4,10
DA:5,10
DA:6,10
DA:7,10
LF:7
LH:7
BRF:0
BRH:0
end_of_record
TN:
SF:src/errors/invalid-data-error.ts
FN:3,invalidDataError
FNF:1
FNH:1
FNDA:8,invalidDataError
DA:3,10
DA:4,8
LF:2
LH:2
BRF:0
BRH:0
end_of_record
TN:
SF:src/errors/invalid-email-error.ts
FN:3,invalidEmailError
FNF:1
FNH:0
FNDA:0,invalidEmailError
DA:3,10
DA:4,0
LF:2
LH:1
BRF:0
BRH:0
end_of_record
TN:
SF:src/errors/not-found-error.ts
FN:3,notFoundError
FNF:1
FNH:1
FNDA:6,notFoundError
DA:3,10
DA:4,6
LF:2
LH:2
BRF:0
BRH:0
end_of_record
TN:
SF:src/errors/request-error.ts
FN:3,requestError
FNF:1
FNH:1
FNDA:1,requestError
DA:3,10
DA:4,1
LF:2
LH:2
BRF:0
BRH:0
end_of_record
TN:
SF:src/errors/unauthorized-error.ts
FN:3,unauthorizedError
FNF:1
FNH:1
FNDA:21,unauthorizedError
DA:3,10
DA:4,21
LF:2
LH:2
BRF:0
BRH:0
end_of_record
TN:
SF:src/middlewares/authentication-middleware.ts
FN:8,authenticateToken
FN:33,generateUnauthorizedResponse
FNF:2
FNH:2
FNDA:38,authenticateToken
FNDA:21,generateUnauthorizedResponse
DA:2,10
DA:3,10
DA:5,10
DA:6,10
DA:8,10
DA:9,38
DA:10,38
DA:12,31
DA:13,31
DA:15,31
DA:16,31
DA:18,24
DA:23,24
DA:25,17
DA:27,17
DA:29,7
DA:34,21
LF:17
LH:17
BRDA:10,0,0,7
BRDA:13,1,0,0
BRDA:23,2,0,7
BRF:3
BRH:2
end_of_record
TN:
SF:src/middlewares/error-handling-middleware.ts
FN:5,handleApplicationErrors
FNF:1
FNH:1
FNDA:12,handleApplicationErrors
DA:3,10
DA:5,10
DA:6,12
DA:7,12
DA:8,0
DA:13,12
DA:14,0
DA:20,12
DA:21,0
DA:27,12
DA:28,0
DA:34,12
DA:35,0
DA:42,12
DA:43,12
LF:15
LH:10
BRDA:7,0,0,0
BRDA:13,1,0,0
BRDA:13,2,0,12
BRDA:13,2,1,12
BRDA:20,3,0,0
BRDA:27,4,0,0
BRDA:34,5,0,0
BRF:7
BRH:2
end_of_record
TN:
SF:src/middlewares/index.ts
FNF:0
FNH:0
DA:1,10
DA:2,10
DA:3,10
LF:3
LH:3
BRF:0
BRH:0
end_of_record
TN:
SF:src/middlewares/validation-middleware.ts
FN:6,validateBody
FN:11,validateParams
FN:15,validate
FN:16,(anonymous_4)
FN:24,(anonymous_5)
FNF:5
FNH:4
FNDA:40,validateBody
FNDA:0,validateParams
FNDA:40,validate
FNDA:24,(anonymous_4)
FNDA:24,(anonymous_5)
DA:1,10
DA:3,10
DA:6,10
DA:7,40
DA:8,40
DA:11,10
DA:12,0
DA:16,40
DA:17,24
DA:21,24
DA:22,16
DA:24,24
LF:12
LH:11
BRDA:21,0,0,16
BRDA:21,0,1,8
BRF:2
BRH:2
end_of_record
TN:
SF:src/repositories/address-repository/index.ts
FN:4,upsert
FNF:1
FNH:1
FNDA:2,upsert
DA:1,10
DA:5,2
DA:20,10
DA:24,10
LF:4
LH:4
BRF:0
BRH:0
end_of_record
TN:
SF:src/repositories/enrollment-repository/index.ts
FN:4,findWithAddressByUserId
FN:15,findAllbyUserId
FN:26,upsert
FNF:3
FNH:2
FNDA:6,findWithAddressByUserId
FNDA:0,findAllbyUserId
FNDA:2,upsert
DA:1,10
DA:6,6
DA:7,6
DA:17,0
DA:24,0
DA:32,2
DA:33,2
DA:46,10
DA:52,10
LF:9
LH:7
BRDA:35,0,0,2
BRDA:35,0,1,0
BRF:2
BRH:1
end_of_record
TN:
SF:src/repositories/event-repository/index.ts
FN:3,findFirst
FNF:1
FNH:1
FNDA:2,findFirst
DA:1,10
DA:4,2
DA:7,10
DA:11,10
LF:4
LH:4
BRF:0
BRH:0
end_of_record
TN:
SF:src/repositories/hotel-repository/index.ts
FN:4,getAllHotels
FN:10,findAllRooms
FNF:2
FNH:1
FNDA:0,getAllHotels
FNDA:3,findAllRooms
DA:1,10
DA:4,10
DA:6,0
DA:7,0
DA:10,10
DA:12,3
DA:18,2
DA:22,10
DA:27,10
LF:9
LH:7
BRF:0
BRH:0
end_of_record
TN:
SF:src/repositories/session-repository/index.ts
FN:4,create
FNF:1
FNH:1
FNDA:4,create
DA:1,10
DA:5,4
DA:10,10
DA:14,10
LF:4
LH:4
BRF:0
BRH:0
end_of_record
TN:
SF:src/repositories/ticketsType-repository/index.ts
FN:7,findMany
FN:15,findTickets
FN:22,postUserTicket
FN:43,getTicketType
FN:52,findHotelStatus
FNF:5
FNH:3
FNDA:2,findMany
FNDA:0,findTickets
FNDA:2,postUserTicket
FNDA:4,getTicketType
FNDA:0,findHotelStatus
DA:1,10
DA:8,2
DA:10,2
DA:17,0
DA:19,0
DA:24,2
DA:26,2
DA:27,2
DA:32,1
DA:40,1
DA:45,4
DA:49,4
DA:52,10
DA:54,0
DA:58,0
DA:62,10
DA:70,10
LF:17
LH:13
BRF:0
BRH:0
end_of_record
TN:
SF:src/repositories/user-repository/index.ts
FN:4,findByEmail
FN:19,create
FNF:2
FNH:2
FNDA:18,findByEmail
FNDA:8,create
DA:1,10
DA:5,18
DA:6,18
DA:12,18
DA:13,9
DA:16,18
DA:20,8
DA:21,8
DA:29,10
DA:34,10
LF:10
LH:10
BRDA:12,0,0,9
BRF:1
BRH:1
end_of_record
TN:
SF:src/routers/authentication-router.ts
FNF:0
FNH:0
DA:1,10
DA:2,10
DA:3,10
DA:4,10
DA:6,10
DA:8,10
DA:10,10
LF:7
LH:7
BRF:0
BRH:0
end_of_record
TN:
SF:src/routers/enrollments-router.ts
FNF:0
FNH:0
DA:1,10
DA:2,10
DA:3,10
DA:4,10
DA:6,10
DA:8,10
DA:14,10
LF:7
LH:7
BRF:0
BRH:0
end_of_record
TN:
SF:src/routers/events-router.ts
FNF:0
FNH:0
DA:1,10
DA:2,10
DA:4,10
DA:6,10
DA:8,10
LF:5
LH:5
BRF:0
BRH:0
end_of_record
TN:
SF:src/routers/hotels-router.ts
FNF:0
FNH:0
DA:1,10
DA:2,10
DA:3,10
DA:6,10
DA:8,10
DA:14,10
LF:6
LH:6
BRF:0
BRH:0
end_of_record
TN:
SF:src/routers/index.ts
FNF:0
FNH:0
DA:1,10
DA:2,10
DA:3,10
DA:4,10
DA:5,10
DA:6,10
LF:6
LH:6
BRF:0
BRH:0
end_of_record
TN:
SF:src/routers/ticket-router.ts
FNF:0
FNH:0
DA:1,10
DA:2,10
DA:3,10
DA:4,10
DA:6,10
DA:8,10
DA:14,10
LF:7
LH:7
BRF:0
BRH:0
end_of_record
TN:
SF:src/routers/users-router.ts
FNF:0
FNH:0
DA:1,10
DA:3,10
DA:4,10
DA:5,10
DA:7,10
DA:9,10
DA:11,10
LF:7
LH:7
BRF:0
BRH:0
end_of_record
TN:
SF:src/schemas/authentication-schemas.ts
FNF:0
FNH:0
DA:2,13
DA:4,13
LF:2
LH:2
BRF:0
BRH:0
end_of_record
TN:
SF:src/schemas/enrollments-schemas.ts
FN:23,(anonymous_1)
FN:30,joiCpfValidation
FN:40,JoiCepValidation
FN:50,joiMobilePhoneValidation
FNF:4
FNH:4
FNDA:351,(anonymous_1)
FNDA:29,joiCpfValidation
FNDA:19,JoiCepValidation
FNDA:23,joiMobilePhoneValidation
DA:2,13
DA:3,13
DA:5,13
DA:7,13
DA:9,13
DA:11,13
DA:23,351
DA:31,29
DA:33,29
DA:34,1
DA:37,28
DA:41,19
DA:43,19
DA:44,1
DA:47,18
DA:51,23
DA:53,23
DA:54,0
DA:57,23
LF:19
LH:18
BRDA:31,0,0,0
BRDA:33,1,0,1
BRDA:41,2,0,0
BRDA:43,3,0,1
BRDA:51,4,0,0
BRDA:53,5,0,0
BRF:6
BRH:2
end_of_record
TN:
SF:src/schemas/index.ts
FNF:0
FNH:0
DA:1,13
DA:2,13
DA:3,13
DA:4,13
LF:4
LH:4
BRF:0
BRH:0
end_of_record
TN:
SF:src/schemas/ticket-schemas.ts
FNF:0
FNH:0
DA:1,13
DA:3,13
LF:2
LH:2
BRF:0
BRH:0
end_of_record
TN:
SF:src/schemas/users-schemas.ts
FNF:0
FNH:0
DA:2,13
DA:4,13
LF:2
LH:2
BRF:0
BRH:0
end_of_record
TN:
SF:src/services/authentication-service/errors.ts
FN:3,invalidCredentialsError
FNF:1
FNH:1
FNDA:7,invalidCredentialsError
DA:3,10
DA:4,7
LF:2
LH:2
BRF:0
BRH:0
end_of_record
TN:
SF:src/services/authentication-service/index.ts
FN:9,signIn
FN:24,getUserOrFail
FN:31,createSession
FN:41,validatePasswordOrFail
FNF:4
FNH:4
FNDA:9,signIn
FNDA:9,getUserOrFail
FNDA:4,createSession
FNDA:6,validatePasswordOrFail
DA:1,10
DA:2,10
DA:3,10
DA:5,10
DA:6,10
DA:7,10
DA:10,9
DA:12,9
DA:14,6
DA:16,4
DA:18,1
DA:25,9
DA:26,9
DA:28,6
DA:32,4
DA:33,4
DA:38,1
DA:42,6
DA:43,6
DA:55,10
DA:59,10
DA:60,10
LF:22
LH:22
BRDA:26,0,0,3
BRDA:43,1,0,2
BRF:2
BRH:2
end_of_record
TN:
SF:src/services/enrollments-service/index.ts
FN:10,getAddressFromCEP
FN:36,getOneWithAddressByUserId
FN:52,getFirstAddress
FN:60,createOrUpdateEnrollmentWithAddress
FN:79,getAddressForUpsert
FNF:5
FNH:5
FNDA:4,getAddressFromCEP
FNDA:2,getOneWithAddressByUserId
FNDA:1,getFirstAddress
FNDA:2,createOrUpdateEnrollmentWithAddress
FNDA:2,getAddressForUpsert
DA:3,10
DA:4,10
DA:5,10
DA:6,10
DA:7,10
DA:12,4
DA:14,4
DA:15,1
DA:24,3
DA:26,3
DA:33,3
DA:37,2
DA:39,2
DA:41,1
DA:42,1
DA:44,1
DA:53,1
DA:55,0
DA:61,2
DA:63,2
DA:64,2
DA:67,2
DA:68,2
DA:69,2
DA:70,0
DA:74,2
DA:76,2
DA:80,2
DA:90,10
DA:96,10
LF:30
LH:28
BRDA:14,0,0,1
BRDA:39,1,0,1
BRDA:46,2,0,1
BRDA:46,2,1,0
BRDA:53,3,0,1
BRDA:69,4,0,0
BRDA:82,5,0,2
BRDA:82,5,1,2
BRF:8
BRH:6
end_of_record
TN:
SF:src/services/events-service/index.ts
FN:7,getFirstEvent
FN:16,isCurrentEventActive
FNF:2
FNH:1
FNDA:2,getFirstEvent
FNDA:0,isCurrentEventActive
DA:1,10
DA:2,10
DA:3,10
DA:5,10
DA:8,2
DA:9,2
DA:11,1
DA:17,0
DA:18,0
DA:19,0
DA:20,0
DA:21,0
DA:24,0
DA:25,0
DA:26,0
DA:27,0
DA:28,0
DA:29,0
DA:32,10
DA:37,10
LF:20
LH:9
BRDA:9,0,0,1
BRDA:19,1,0,0
BRDA:29,2,0,0
BRDA:29,2,1,0
BRF:4
BRH:1
end_of_record
TN:
SF:src/services/hotels-service/index.ts
FN:12,getHotelsAvailbles
FN:38,getHotelList
FN:43,getRoomsAvailables
FNF:3
FNH:1
FNDA:0,getHotelsAvailbles
FNDA:0,getHotelList
FNDA:3,getRoomsAvailables
DA:1,10
DA:2,10
DA:4,10
DA:5,10
DA:14,0
DA:15,0
DA:18,0
DA:19,0
DA:20,0
DA:21,0
DA:22,0
DA:23,0
DA:24,0
DA:29,0
DA:30,0
DA:33,0
DA:34,0
DA:39,0
DA:40,0
DA:45,3
DA:47,2
DA:48,1
DA:51,1
DA:54,10
DA:58,10
LF:25
LH:10
BRDA:22,0,0,0
BRDA:23,1,0,0
BRDA:29,2,0,0
BRDA:47,3,0,1
BRF:4
BRH:1
end_of_record
TN:
SF:src/services/tickets-service/index.ts
FN:7,getAllTickets
FN:18,getUserTickets
FN:30,getEnrollmentId
FN:41,postUserTickets
FNF:4
FNH:4
FNDA:2,getAllTickets
FNDA:1,getUserTickets
FNDA:4,getEnrollmentId
FNDA:3,postUserTickets
DA:1,10
DA:2,10
DA:3,10
DA:7,10
DA:9,2
DA:11,2
DA:12,0
DA:15,2
DA:18,10
DA:20,1
DA:22,0
DA:24,0
DA:25,0
DA:27,0
DA:32,4
DA:34,4
DA:35,2
DA:38,2
DA:41,10
DA:43,3
DA:45,2
DA:47,2
DA:49,1
DA:53,10
DA:59,10
LF:25
LH:20
BRDA:11,0,0,0
BRDA:24,1,0,0
BRDA:34,2,0,2
BRF:3
BRH:1
end_of_record
TN:
SF:src/services/users-service/errors.ts
FN:3,duplicatedEmailError
FNF:1
FNH:1
FNDA:2,duplicatedEmailError
DA:3,10
DA:4,2
LF:2
LH:2
BRF:0
BRH:0
end_of_record
TN:
SF:src/services/users-service/index.ts
FN:8,createUser
FN:20,validateUniqueEmailOrFail
FN:27,canEnrollOrFail
FNF:3
FNH:2
FNDA:9,createUser
FNDA:9,validateUniqueEmailOrFail
FNDA:0,canEnrollOrFail
DA:1,10
DA:2,10
DA:4,10
DA:5,10
DA:6,10
DA:8,10
DA:11,9
DA:13,8
DA:14,8
DA:21,9
DA:22,9
DA:23,1
DA:28,0
DA:29,0
DA:30,0
DA:36,10
DA:40,10
DA:41,10
LF:18
LH:15
BRDA:22,0,0,1
BRDA:29,1,0,0
BRF:2
BRH:1
end_of_record
TN:
SF:src/utils/cep-service.ts
FN:4,getAddress
FNF:1
FNH:1
FNDA:4,getAddress
DA:2,10
DA:5,4
DA:6,4
DA:10,10
LF:4
LH:4
BRF:0
BRH:0
end_of_record
TN:
SF:src/utils/prisma-utils.ts
FN:1,exclude
FNF:1
FNH:1
FNDA:7,exclude
DA:1,10
DA:2,7
DA:3,7
DA:4,11
DA:6,7
LF:5
LH:5
BRF:0
BRH:0
end_of_record
TN:
SF:src/utils/request.ts
FN:4,get
FNF:1
FNH:1
FNDA:4,get
DA:1,10
DA:2,10
DA:5,4
DA:6,4
DA:7,3
DA:12,1
DA:14,1
DA:18,10
LF:8
LH:8
BRF:0
BRH:0
end_of_record
TN:
SF:tests/helpers.ts
FN:8,cleanDb
FN:22,generateValidToken
FNF:2
FNH:2
FNDA:52,cleanDb
FNDA:32,generateValidToken
DA:1,9
DA:4,9
DA:5,9
DA:6,9
DA:8,9
DA:9,52
DA:10,52
DA:11,52
DA:12,52
DA:13,51
DA:14,51
DA:15,51
DA:16,50
DA:17,50
DA:18,50
DA:22,9
DA:23,32
DA:24,32
DA:26,32
DA:28,32
LF:20
LH:20
BRDA:23,0,0,32
BRDA:23,0,1,9
BRF:2
BRH:2
end_of_record
TN:
SF:tests/factories/enrollments-factory.ts
FN:8,createEnrollmentWithAddress
FN:35,createhAddressWithCEP
FNF:2
FNH:2
FNDA:19,createEnrollmentWithAddress
FNDA:1,createhAddressWithCEP
DA:1,9
DA:2,9
DA:5,9
DA:6,9
DA:8,9
DA:9,19
DA:11,19
DA:35,9
DA:36,1
LF:9
LH:9
BRDA:9,0,0,19
BRDA:9,0,1,0
BRF:2
BRH:1
end_of_record
TN:
SF:tests/factories/events-factory.ts
FN:6,createEvent
FNF:1
FNH:1
FNDA:4,createEvent
DA:1,9
DA:2,9
DA:4,9
DA:6,9
DA:7,4
LF:5
LH:5
BRDA:6,0,0,3
BRDA:9,1,0,4
BRDA:9,1,1,4
BRDA:10,2,0,4
BRDA:10,2,1,4
BRDA:11,3,0,4
BRDA:11,3,1,4
BRDA:12,4,0,4
BRDA:12,4,1,3
BRDA:13,5,0,4
BRDA:13,5,1,4
BRF:11
BRH:11
end_of_record
TN:
SF:tests/factories/hotel-factory.ts
FN:7,createHotelType
FN:18,createRoomType
FNF:2
FNH:2
FNDA:3,createHotelType
FNDA:2,createRoomType
DA:1,9
DA:2,9
DA:7,9
DA:8,3
DA:18,9
DA:19,2
LF:6
LH:6
BRF:0
BRH:0
end_of_record
TN:
SF:tests/factories/index.ts
FNF:0
FNH:0
DA:1,9
DA:2,9
DA:3,9
DA:4,9
DA:5,9
DA:6,9
DA:7,9
LF:7
LH:7
BRF:0
BRH:0
end_of_record
TN:
SF:tests/factories/payments-factory.ts
FN:4,createPayment
FN:15,generateCreditCardData
FNF:2
FNH:1
FNDA:0,createPayment
FNDA:4,generateCreditCardData
DA:1,9
DA:2,9
DA:4,9
DA:5,0
DA:15,9
DA:16,4
DA:18,4
LF:7
LH:6
BRF:0
BRH:0
end_of_record
TN:
SF:tests/factories/sessions-factory.ts
FN:5,createSession
FNF:1
FNH:1
FNDA:32,createSession
DA:2,9
DA:3,9
DA:5,9
DA:6,32
DA:8,32
LF:5
LH:5
BRF:0
BRH:0
end_of_record
TN:
SF:tests/factories/tickets-factory.ts
FN:5,createTicketType
FN:16,createTicketTypeIncludeHotel
FN:27,createTicket
FN:37,createTicketTypeWithHotel
FNF:4
FNH:2
FNDA:10,createTicketType
FNDA:0,createTicketTypeIncludeHotel
FNDA:5,createTicket
FNDA:0,createTicketTypeWithHotel
DA:1,9
DA:2,9
DA:5,9
DA:6,10
DA:16,9
DA:17,0
DA:27,9
DA:28,5
DA:37,9
DA:38,0
LF:10
LH:8
BRF:0
BRH:0
end_of_record
TN:
SF:tests/factories/users-factory.ts
FN:6,createUser
FNF:1
FNH:1
FNDA:82,createUser
DA:1,9
DA:2,9
DA:4,9
DA:6,9
DA:7,82
DA:8,82
DA:10,82
LF:7
LH:7
BRDA:6,0,0,74
BRDA:7,1,0,82
BRDA:7,1,1,74
BRDA:12,2,0,82
BRDA:12,2,1,74
BRF:5
BRH:5
end_of_record
